{"/Users/clemence/workspace/hotel-price-compare-assignment/src/main.tsx": {"path":"/Users/clemence/workspace/hotel-price-compare-assignment/src/main.tsx","statementMap":{"0":{"start":{"line":1,"column":0},"end":{"line":1,"column":26}},"1":{"start":{"line":2,"column":0},"end":{"line":2,"column":40}},"2":{"start":{"line":3,"column":0},"end":{"line":3,"column":32}},"3":{"start":{"line":4,"column":0},"end":{"line":4,"column":21}},"4":{"start":{"line":6,"column":0},"end":{"line":10,"column":2}}},"fnMap":{},"branchMap":{},"s":{"0":0,"1":0,"2":0,"3":0,"4":0},"f":{},"b":{}}
,"/Users/clemence/workspace/hotel-price-compare-assignment/src/vite-env.d.ts": {"path":"/Users/clemence/workspace/hotel-price-compare-assignment/src/vite-env.d.ts","statementMap":{},"fnMap":{},"branchMap":{},"s":{},"f":{},"b":{}}
,"/Users/clemence/workspace/hotel-price-compare-assignment/src/app/App.tsx": {"path":"/Users/clemence/workspace/hotel-price-compare-assignment/src/app/App.tsx","statementMap":{"0":{"start":{"line":1,"column":0},"end":{"line":1,"column":65}},"1":{"start":{"line":2,"column":0},"end":{"line":2,"column":78}},"2":{"start":{"line":3,"column":0},"end":{"line":3,"column":58}},"3":{"start":{"line":4,"column":0},"end":{"line":4,"column":48}},"4":{"start":{"line":7,"column":24},"end":{"line":7,"column":56}},"5":{"start":{"line":9,"column":4},"end":{"line":14,"column":6}},"6":{"start":{"line":17,"column":0},"end":{"line":17,"column":19}}},"fnMap":{"0":{"name":"App","decl":{"start":{"line":6,"column":9},"end":{"line":6,"column":12}},"loc":{"start":{"line":6,"column":12},"end":{"line":15,"column":1}}}},"branchMap":{},"s":{"0":0,"1":0,"2":0,"3":0,"4":0,"5":0,"6":0},"f":{"0":0},"b":{}}
,"/Users/clemence/workspace/hotel-price-compare-assignment/src/components/banners/GenericBanner.tsx": {"path":"/Users/clemence/workspace/hotel-price-compare-assignment/src/components/banners/GenericBanner.tsx","statementMap":{"0":{"start":{"line":1,"column":0},"end":{"line":1,"column":57}},"1":{"start":{"line":2,"column":0},"end":{"line":2,"column":55}},"2":{"start":{"line":3,"column":0},"end":{"line":3,"column":null}},"3":{"start":{"line":11,"column":0},"end":{"line":11,"column":45}},"4":{"start":{"line":22,"column":36},"end":{"line":22,"column":54}},"5":{"start":{"line":24,"column":4},"end":{"line":63,"column":6}},"6":{"start":{"line":48,"column":28},"end":{"line":49,"column":null}},"7":{"start":{"line":53,"column":36},"end":{"line":53,"column":54}},"8":{"start":{"line":18,"column":0},"end":{"line":18,"column":24}}},"fnMap":{"0":{"name":"GenericBanner","decl":{"start":{"line":18,"column":24},"end":{"line":18,"column":37}},"loc":{"start":{"line":21,"column":32},"end":{"line":64,"column":1}}},"1":{"name":"(anonymous_1)","decl":{"start":{"line":47,"column":50},"end":{"line":47,"column":51}},"loc":{"start":{"line":48,"column":28},"end":{"line":49,"column":null}}},"2":{"name":"(anonymous_2)","decl":{"start":{"line":52,"column":41},"end":{"line":52,"column":44}},"loc":{"start":{"line":52,"column":46},"end":{"line":54,"column":33}}}},"branchMap":{},"s":{"0":0,"1":0,"2":0,"3":0,"4":0,"5":0,"6":0,"7":0,"8":0},"f":{"0":0,"1":0,"2":0},"b":{}}
,"/Users/clemence/workspace/hotel-price-compare-assignment/src/components/layout/DisplayTooltip.tsx": {"path":"/Users/clemence/workspace/hotel-price-compare-assignment/src/components/layout/DisplayTooltip.tsx","statementMap":{"0":{"start":{"line":2,"column":0},"end":{"line":2,"column":null}},"1":{"start":{"line":9,"column":0},"end":{"line":9,"column":45}},"2":{"start":{"line":19,"column":4},"end":{"line":48,"column":6}},"3":{"start":{"line":15,"column":0},"end":{"line":15,"column":24}}},"fnMap":{"0":{"name":"DisplayTooltip","decl":{"start":{"line":15,"column":24},"end":{"line":15,"column":38}},"loc":{"start":{"line":18,"column":33},"end":{"line":49,"column":1}}}},"branchMap":{"0":{"loc":{"start":{"line":23,"column":21},"end":{"line":37,"column":null}},"type":"binary-expr","locations":[{"start":{"line":23,"column":21},"end":{"line":23,"column":28}},{"start":{"line":24,"column":24},"end":{"line":36,"column":null}}]}},"s":{"0":1,"1":1,"2":1,"3":1},"f":{"0":1},"b":{"0":[1,1]}}
,"/Users/clemence/workspace/hotel-price-compare-assignment/src/components/layout/HotelDisplayCard.tsx": {"path":"/Users/clemence/workspace/hotel-price-compare-assignment/src/components/layout/HotelDisplayCard.tsx","statementMap":{"0":{"start":{"line":1,"column":0},"end":{"line":1,"column":null}},"1":{"start":{"line":8,"column":0},"end":{"line":8,"column":50}},"2":{"start":{"line":9,"column":0},"end":{"line":9,"column":49}},"3":{"start":{"line":10,"column":0},"end":{"line":10,"column":59}},"4":{"start":{"line":11,"column":0},"end":{"line":11,"column":57}},"5":{"start":{"line":12,"column":0},"end":{"line":12,"column":51}},"6":{"start":{"line":13,"column":0},"end":{"line":13,"column":23}},"7":{"start":{"line":14,"column":0},"end":{"line":14,"column":31}},"8":{"start":{"line":15,"column":0},"end":{"line":15,"column":46}},"9":{"start":{"line":16,"column":0},"end":{"line":16,"column":56}},"10":{"start":{"line":35,"column":8},"end":{"line":35,"column":12}},"11":{"start":{"line":36,"column":30},"end":{"line":36,"column":57}},"12":{"start":{"line":37,"column":23},"end":{"line":37,"column":41}},"13":{"start":{"line":39,"column":36},"end":{"line":39,"column":60}},"14":{"start":{"line":40,"column":27},"end":{"line":42,"column":5}},"15":{"start":{"line":41,"column":8},"end":{"line":41,"column":31}},"16":{"start":{"line":44,"column":36},"end":{"line":46,"column":19}},"17":{"start":{"line":48,"column":34},"end":{"line":48,"column":51}},"18":{"start":{"line":50,"column":35},"end":{"line":53,"column":50}},"19":{"start":{"line":53,"column":30},"end":{"line":53,"column":49}},"20":{"start":{"line":55,"column":4},"end":{"line":167,"column":6}},"21":{"start":{"line":108,"column":40},"end":{"line":109,"column":null}},"22":{"start":{"line":22,"column":0},"end":{"line":22,"column":24}}},"fnMap":{"0":{"name":"HotelDisplayCard","decl":{"start":{"line":22,"column":24},"end":{"line":22,"column":40}},"loc":{"start":{"line":24,"column":34},"end":{"line":168,"column":1}}},"1":{"name":"(anonymous_1)","decl":{"start":{"line":40,"column":27},"end":{"line":40,"column":30}},"loc":{"start":{"line":40,"column":32},"end":{"line":42,"column":5}}},"2":{"name":"(anonymous_2)","decl":{"start":{"line":53,"column":12},"end":{"line":53,"column":13}},"loc":{"start":{"line":53,"column":30},"end":{"line":53,"column":49}}},"3":{"name":"(anonymous_3)","decl":{"start":{"line":107,"column":36},"end":{"line":107,"column":37}},"loc":{"start":{"line":108,"column":40},"end":{"line":109,"column":null}}}},"branchMap":{"0":{"loc":{"start":{"line":44,"column":36},"end":{"line":46,"column":19}},"type":"cond-expr","locations":[{"start":{"line":45,"column":10},"end":{"line":45,"column":43}},{"start":{"line":46,"column":10},"end":{"line":46,"column":19}}]},"1":{"loc":{"start":{"line":53,"column":31},"end":{"line":53,"column":37}},"type":"binary-expr","locations":[{"start":{"line":53,"column":31},"end":{"line":53,"column":32}},{"start":{"line":53,"column":36},"end":{"line":53,"column":37}}]},"2":{"loc":{"start":{"line":53,"column":42},"end":{"line":53,"column":48}},"type":"binary-expr","locations":[{"start":{"line":53,"column":42},"end":{"line":53,"column":43}},{"start":{"line":53,"column":47},"end":{"line":53,"column":48}}]},"3":{"loc":{"start":{"line":85,"column":28},"end":{"line":85,"column":null}},"type":"cond-expr","locations":[{"start":{"line":85,"column":39},"end":{"line":85,"column":41}},{"start":{"line":85,"column":44},"end":{"line":85,"column":null}}]},"4":{"loc":{"start":{"line":95,"column":30},"end":{"line":95,"column":56}},"type":"cond-expr","locations":[{"start":{"line":95,"column":41},"end":{"line":95,"column":47}},{"start":{"line":95,"column":50},"end":{"line":95,"column":56}}]},"5":{"loc":{"start":{"line":104,"column":25},"end":{"line":135,"column":null}},"type":"cond-expr","locations":[{"start":{"line":105,"column":28},"end":{"line":132,"column":null}},{"start":{"line":135,"column":28},"end":{"line":135,"column":30}}]},"6":{"loc":{"start":{"line":111,"column":48},"end":{"line":114,"column":null}},"type":"cond-expr","locations":[{"start":{"line":113,"column":54},"end":{"line":113,"column":66}},{"start":{"line":114,"column":54},"end":{"line":114,"column":null}}]},"7":{"loc":{"start":{"line":122,"column":56},"end":{"line":122,"column":73}},"type":"binary-expr","locations":[{"start":{"line":122,"column":56},"end":{"line":122,"column":64}},{"start":{"line":122,"column":68},"end":{"line":122,"column":73}}]},"8":{"loc":{"start":{"line":126,"column":52},"end":{"line":126,"column":72}},"type":"binary-expr","locations":[{"start":{"line":126,"column":52},"end":{"line":126,"column":67}},{"start":{"line":126,"column":71},"end":{"line":126,"column":72}}]},"9":{"loc":{"start":{"line":138,"column":21},"end":{"line":162,"column":null}},"type":"cond-expr","locations":[{"start":{"line":139,"column":24},"end":{"line":158,"column":null}},{"start":{"line":162,"column":24},"end":{"line":162,"column":26}}]},"10":{"loc":{"start":{"line":150,"column":58},"end":{"line":150,"column":75}},"type":"binary-expr","locations":[{"start":{"line":150,"column":58},"end":{"line":150,"column":66}},{"start":{"line":150,"column":70},"end":{"line":150,"column":75}}]},"11":{"loc":{"start":{"line":155,"column":58},"end":{"line":155,"column":75}},"type":"binary-expr","locations":[{"start":{"line":155,"column":58},"end":{"line":155,"column":66}},{"start":{"line":155,"column":70},"end":{"line":155,"column":75}}]}},"s":{"0":0,"1":0,"2":0,"3":0,"4":0,"5":0,"6":0,"7":0,"8":0,"9":0,"10":0,"11":0,"12":0,"13":0,"14":0,"15":0,"16":0,"17":0,"18":0,"19":0,"20":0,"21":0,"22":0},"f":{"0":0,"1":0,"2":0,"3":0},"b":{"0":[0,0],"1":[0,0],"2":[0,0],"3":[0,0],"4":[0,0],"5":[0,0],"6":[0,0],"7":[0,0],"8":[0,0],"9":[0,0],"10":[0,0],"11":[0,0]}}
,"/Users/clemence/workspace/hotel-price-compare-assignment/src/components/layout/PriceWithComparison.tsx": {"path":"/Users/clemence/workspace/hotel-price-compare-assignment/src/components/layout/PriceWithComparison.tsx","statementMap":{"0":{"start":{"line":1,"column":0},"end":{"line":1,"column":57}},"1":{"start":{"line":2,"column":0},"end":{"line":2,"column":51}},"2":{"start":{"line":3,"column":0},"end":{"line":3,"column":59}},"3":{"start":{"line":4,"column":0},"end":{"line":4,"column":52}},"4":{"start":{"line":5,"column":0},"end":{"line":5,"column":25}},"5":{"start":{"line":16,"column":23},"end":{"line":16,"column":41}},"6":{"start":{"line":17,"column":20},"end":{"line":21,"column":null}},"7":{"start":{"line":18,"column":8},"end":{"line":21,"column":21}},"8":{"start":{"line":23,"column":4},"end":{"line":45,"column":6}},"9":{"start":{"line":12,"column":0},"end":{"line":12,"column":24}}},"fnMap":{"0":{"name":"PriceWithComparison","decl":{"start":{"line":12,"column":24},"end":{"line":12,"column":43}},"loc":{"start":{"line":15,"column":38},"end":{"line":46,"column":1}}},"1":{"name":"(anonymous_1)","decl":{"start":{"line":17,"column":40},"end":{"line":17,"column":43}},"loc":{"start":{"line":18,"column":8},"end":{"line":21,"column":21}}}},"branchMap":{"0":{"loc":{"start":{"line":18,"column":16},"end":{"line":18,"column":44}},"type":"binary-expr","locations":[{"start":{"line":18,"column":16},"end":{"line":18,"column":39}},{"start":{"line":18,"column":43},"end":{"line":18,"column":44}}]},"1":{"loc":{"start":{"line":19,"column":19},"end":{"line":19,"column":29}},"type":"binary-expr","locations":[{"start":{"line":19,"column":19},"end":{"line":19,"column":24}},{"start":{"line":19,"column":28},"end":{"line":19,"column":29}}]},"2":{"loc":{"start":{"line":20,"column":17},"end":{"line":20,"column":45}},"type":"binary-expr","locations":[{"start":{"line":20,"column":17},"end":{"line":20,"column":40}},{"start":{"line":20,"column":44},"end":{"line":20,"column":45}}]},"3":{"loc":{"start":{"line":25,"column":13},"end":{"line":28,"column":null}},"type":"binary-expr","locations":[{"start":{"line":25,"column":13},"end":{"line":25,"column":36}},{"start":{"line":26,"column":16},"end":{"line":27,"column":null}}]},"4":{"loc":{"start":{"line":30,"column":13},"end":{"line":34,"column":null}},"type":"binary-expr","locations":[{"start":{"line":30,"column":13},"end":{"line":30,"column":36}},{"start":{"line":31,"column":16},"end":{"line":33,"column":null}}]},"5":{"loc":{"start":{"line":32,"column":38},"end":{"line":32,"column":55}},"type":"binary-expr","locations":[{"start":{"line":32,"column":38},"end":{"line":32,"column":46}},{"start":{"line":32,"column":50},"end":{"line":32,"column":55}}]},"6":{"loc":{"start":{"line":36,"column":13},"end":{"line":42,"column":null}},"type":"cond-expr","locations":[{"start":{"line":37,"column":16},"end":{"line":39,"column":null}},{"start":{"line":42,"column":16},"end":{"line":42,"column":65}}]},"7":{"loc":{"start":{"line":38,"column":38},"end":{"line":38,"column":55}},"type":"binary-expr","locations":[{"start":{"line":38,"column":38},"end":{"line":38,"column":46}},{"start":{"line":38,"column":50},"end":{"line":38,"column":55}}]}},"s":{"0":0,"1":0,"2":0,"3":0,"4":0,"5":0,"6":0,"7":0,"8":0,"9":0},"f":{"0":0,"1":0},"b":{"0":[0,0],"1":[0,0],"2":[0,0],"3":[0,0],"4":[0,0],"5":[0,0],"6":[0,0],"7":[0,0]}}
,"/Users/clemence/workspace/hotel-price-compare-assignment/src/components/loader/Loading.tsx": {"path":"/Users/clemence/workspace/hotel-price-compare-assignment/src/components/loader/Loading.tsx","statementMap":{"0":{"start":{"line":2,"column":4},"end":{"line":22,"column":6}},"1":{"start":{"line":1,"column":0},"end":{"line":1,"column":24}}},"fnMap":{"0":{"name":"Loading","decl":{"start":{"line":1,"column":24},"end":{"line":1,"column":31}},"loc":{"start":{"line":1,"column":31},"end":{"line":23,"column":1}}}},"branchMap":{},"s":{"0":0,"1":0},"f":{"0":0},"b":{}}
,"/Users/clemence/workspace/hotel-price-compare-assignment/src/components/ratings/StarRatings.tsx": {"path":"/Users/clemence/workspace/hotel-price-compare-assignment/src/components/ratings/StarRatings.tsx","statementMap":{"0":{"start":{"line":13,"column":26},"end":{"line":13,"column":27}},"1":{"start":{"line":14,"column":4},"end":{"line":41,"column":6}},"2":{"start":{"line":17,"column":16},"end":{"line":18,"column":null}},"3":{"start":{"line":29,"column":16},"end":{"line":30,"column":null}},"4":{"start":{"line":7,"column":0},"end":{"line":7,"column":24}}},"fnMap":{"0":{"name":"StarRatings","decl":{"start":{"line":7,"column":24},"end":{"line":7,"column":35}},"loc":{"start":{"line":10,"column":30},"end":{"line":42,"column":1}}},"1":{"name":"(anonymous_1)","decl":{"start":{"line":16,"column":48},"end":{"line":16,"column":49}},"loc":{"start":{"line":17,"column":16},"end":{"line":18,"column":null}}},"2":{"name":"(anonymous_2)","decl":{"start":{"line":28,"column":50},"end":{"line":28,"column":51}},"loc":{"start":{"line":29,"column":16},"end":{"line":30,"column":null}}}},"branchMap":{"0":{"loc":{"start":{"line":8,"column":4},"end":{"line":8,"column":19}},"type":"default-arg","locations":[{"start":{"line":8,"column":18},"end":{"line":8,"column":19}}]}},"s":{"0":0,"1":0,"2":0,"3":0,"4":0},"f":{"0":0,"1":0,"2":0},"b":{"0":[0]}}
,"/Users/clemence/workspace/hotel-price-compare-assignment/src/components/ui/card.tsx": {"path":"/Users/clemence/workspace/hotel-price-compare-assignment/src/components/ui/card.tsx","statementMap":{"0":{"start":{"line":1,"column":0},"end":{"line":1,"column":30}},"1":{"start":{"line":3,"column":0},"end":{"line":3,"column":32}},"2":{"start":{"line":5,"column":13},"end":{"line":17,"column":2}},"3":{"start":{"line":9,"column":2},"end":{"line":15,"column":null}},"4":{"start":{"line":79,"column":9},"end":{"line":79,"column":13}},"5":{"start":{"line":18,"column":0},"end":{"line":18,"column":null}},"6":{"start":{"line":20,"column":19},"end":{"line":29,"column":2}},"7":{"start":{"line":24,"column":2},"end":{"line":27,"column":null}},"8":{"start":{"line":79,"column":15},"end":{"line":79,"column":25}},"9":{"start":{"line":30,"column":0},"end":{"line":30,"column":null}},"10":{"start":{"line":32,"column":18},"end":{"line":44,"column":2}},"11":{"start":{"line":36,"column":2},"end":{"line":42,"column":null}},"12":{"start":{"line":79,"column":39},"end":{"line":79,"column":48}},"13":{"start":{"line":45,"column":0},"end":{"line":45,"column":null}},"14":{"start":{"line":47,"column":24},"end":{"line":56,"column":2}},"15":{"start":{"line":51,"column":2},"end":{"line":54,"column":null}},"16":{"start":{"line":79,"column":50},"end":{"line":79,"column":65}},"17":{"start":{"line":57,"column":0},"end":{"line":57,"column":null}},"18":{"start":{"line":59,"column":20},"end":{"line":64,"column":2}},"19":{"start":{"line":63,"column":2},"end":{"line":63,"column":68}},"20":{"start":{"line":79,"column":67},"end":{"line":79,"column":78}},"21":{"start":{"line":65,"column":0},"end":{"line":65,"column":null}},"22":{"start":{"line":67,"column":19},"end":{"line":76,"column":2}},"23":{"start":{"line":71,"column":2},"end":{"line":74,"column":null}},"24":{"start":{"line":79,"column":27},"end":{"line":79,"column":37}},"25":{"start":{"line":77,"column":0},"end":{"line":77,"column":null}}},"fnMap":{"0":{"name":"(anonymous_0)","decl":{"start":{"line":8,"column":2},"end":{"line":8,"column":3}},"loc":{"start":{"line":9,"column":2},"end":{"line":15,"column":null}}},"1":{"name":"(anonymous_1)","decl":{"start":{"line":23,"column":2},"end":{"line":23,"column":3}},"loc":{"start":{"line":24,"column":2},"end":{"line":27,"column":null}}},"2":{"name":"(anonymous_2)","decl":{"start":{"line":35,"column":2},"end":{"line":35,"column":3}},"loc":{"start":{"line":36,"column":2},"end":{"line":42,"column":null}}},"3":{"name":"(anonymous_3)","decl":{"start":{"line":50,"column":2},"end":{"line":50,"column":3}},"loc":{"start":{"line":51,"column":2},"end":{"line":54,"column":null}}},"4":{"name":"(anonymous_4)","decl":{"start":{"line":62,"column":2},"end":{"line":62,"column":3}},"loc":{"start":{"line":63,"column":2},"end":{"line":63,"column":68}}},"5":{"name":"(anonymous_5)","decl":{"start":{"line":70,"column":2},"end":{"line":70,"column":3}},"loc":{"start":{"line":71,"column":2},"end":{"line":74,"column":null}}}},"branchMap":{},"s":{"0":0,"1":0,"2":0,"3":0,"4":0,"5":0,"6":0,"7":0,"8":0,"9":0,"10":0,"11":0,"12":0,"13":0,"14":0,"15":0,"16":0,"17":0,"18":0,"19":0,"20":0,"21":0,"22":0,"23":0,"24":0,"25":0},"f":{"0":0,"1":0,"2":0,"3":0,"4":0,"5":0},"b":{}}
,"/Users/clemence/workspace/hotel-price-compare-assignment/src/components/ui/dropdown-menu.tsx": {"path":"/Users/clemence/workspace/hotel-price-compare-assignment/src/components/ui/dropdown-menu.tsx","statementMap":{"0":{"start":{"line":1,"column":0},"end":{"line":1,"column":31}},"1":{"start":{"line":2,"column":0},"end":{"line":2,"column":71}},"2":{"start":{"line":3,"column":0},"end":{"line":3,"column":57}},"3":{"start":{"line":5,"column":0},"end":{"line":5,"column":31}},"4":{"start":{"line":7,"column":21},"end":{"line":7,"column":47}},"5":{"start":{"line":189,"column":4},"end":{"line":189,"column":16}},"6":{"start":{"line":9,"column":28},"end":{"line":9,"column":57}},"7":{"start":{"line":190,"column":4},"end":{"line":190,"column":23}},"8":{"start":{"line":11,"column":26},"end":{"line":11,"column":53}},"9":{"start":{"line":198,"column":4},"end":{"line":198,"column":21}},"10":{"start":{"line":13,"column":27},"end":{"line":13,"column":55}},"11":{"start":{"line":199,"column":4},"end":{"line":199,"column":22}},"12":{"start":{"line":15,"column":24},"end":{"line":15,"column":49}},"13":{"start":{"line":200,"column":4},"end":{"line":200,"column":19}},"14":{"start":{"line":17,"column":31},"end":{"line":17,"column":63}},"15":{"start":{"line":203,"column":4},"end":{"line":203,"column":26}},"16":{"start":{"line":22,"column":31},"end":{"line":40,"column":2}},"17":{"start":{"line":28,"column":4},"end":{"line":38,"column":null}},"18":{"start":{"line":202,"column":4},"end":{"line":202,"column":26}},"19":{"start":{"line":41,"column":0},"end":{"line":42,"column":49}},"20":{"start":{"line":44,"column":31},"end":{"line":56,"column":2}},"21":{"start":{"line":48,"column":4},"end":{"line":54,"column":null}},"22":{"start":{"line":201,"column":4},"end":{"line":201,"column":26}},"23":{"start":{"line":57,"column":0},"end":{"line":58,"column":49}},"24":{"start":{"line":60,"column":28},"end":{"line":75,"column":2}},"25":{"start":{"line":64,"column":4},"end":{"line":73,"column":null}},"26":{"start":{"line":191,"column":4},"end":{"line":191,"column":23}},"27":{"start":{"line":76,"column":0},"end":{"line":76,"column":76}},"28":{"start":{"line":78,"column":25},"end":{"line":93,"column":2}},"29":{"start":{"line":84,"column":4},"end":{"line":91,"column":null}},"30":{"start":{"line":192,"column":4},"end":{"line":192,"column":20}},"31":{"start":{"line":94,"column":0},"end":{"line":94,"column":70}},"32":{"start":{"line":96,"column":33},"end":{"line":116,"column":2}},"33":{"start":{"line":100,"column":4},"end":{"line":114,"column":null}},"34":{"start":{"line":193,"column":4},"end":{"line":193,"column":28}},"35":{"start":{"line":117,"column":0},"end":{"line":118,"column":51}},"36":{"start":{"line":120,"column":30},"end":{"line":139,"column":2}},"37":{"start":{"line":124,"column":4},"end":{"line":137,"column":null}},"38":{"start":{"line":194,"column":4},"end":{"line":194,"column":25}},"39":{"start":{"line":140,"column":0},"end":{"line":140,"column":80}},"40":{"start":{"line":142,"column":26},"end":{"line":157,"column":2}},"41":{"start":{"line":148,"column":4},"end":{"line":155,"column":null}},"42":{"start":{"line":195,"column":4},"end":{"line":195,"column":21}},"43":{"start":{"line":158,"column":0},"end":{"line":158,"column":72}},"44":{"start":{"line":160,"column":30},"end":{"line":169,"column":2}},"45":{"start":{"line":164,"column":4},"end":{"line":167,"column":null}},"46":{"start":{"line":196,"column":4},"end":{"line":196,"column":25}},"47":{"start":{"line":170,"column":0},"end":{"line":170,"column":80}},"48":{"start":{"line":172,"column":29},"end":{"line":185,"column":1}},"49":{"start":{"line":176,"column":4},"end":{"line":184,"column":6}},"50":{"start":{"line":197,"column":4},"end":{"line":197,"column":24}},"51":{"start":{"line":186,"column":0},"end":{"line":186,"column":58}}},"fnMap":{"0":{"name":"(anonymous_0)","decl":{"start":{"line":27,"column":2},"end":{"line":27,"column":3}},"loc":{"start":{"line":28,"column":4},"end":{"line":38,"column":null}}},"1":{"name":"(anonymous_1)","decl":{"start":{"line":47,"column":2},"end":{"line":47,"column":3}},"loc":{"start":{"line":48,"column":4},"end":{"line":54,"column":null}}},"2":{"name":"(anonymous_2)","decl":{"start":{"line":63,"column":2},"end":{"line":63,"column":3}},"loc":{"start":{"line":64,"column":4},"end":{"line":73,"column":null}}},"3":{"name":"(anonymous_3)","decl":{"start":{"line":83,"column":2},"end":{"line":83,"column":3}},"loc":{"start":{"line":84,"column":4},"end":{"line":91,"column":null}}},"4":{"name":"(anonymous_4)","decl":{"start":{"line":99,"column":2},"end":{"line":99,"column":3}},"loc":{"start":{"line":100,"column":4},"end":{"line":114,"column":null}}},"5":{"name":"(anonymous_5)","decl":{"start":{"line":123,"column":2},"end":{"line":123,"column":3}},"loc":{"start":{"line":124,"column":4},"end":{"line":137,"column":null}}},"6":{"name":"(anonymous_6)","decl":{"start":{"line":147,"column":2},"end":{"line":147,"column":3}},"loc":{"start":{"line":148,"column":4},"end":{"line":155,"column":null}}},"7":{"name":"(anonymous_7)","decl":{"start":{"line":163,"column":2},"end":{"line":163,"column":3}},"loc":{"start":{"line":164,"column":4},"end":{"line":167,"column":null}}},"8":{"name":"(anonymous_8)","decl":{"start":{"line":172,"column":29},"end":{"line":172,"column":30}},"loc":{"start":{"line":175,"column":44},"end":{"line":185,"column":1}}}},"branchMap":{"0":{"loc":{"start":{"line":32,"column":12},"end":{"line":32,"column":27}},"type":"binary-expr","locations":[{"start":{"line":32,"column":12},"end":{"line":32,"column":17}},{"start":{"line":32,"column":21},"end":{"line":32,"column":27}}]},"1":{"loc":{"start":{"line":63,"column":15},"end":{"line":63,"column":29}},"type":"default-arg","locations":[{"start":{"line":63,"column":28},"end":{"line":63,"column":29}}]},"2":{"loc":{"start":{"line":88,"column":12},"end":{"line":88,"column":27}},"type":"binary-expr","locations":[{"start":{"line":88,"column":12},"end":{"line":88,"column":17}},{"start":{"line":88,"column":21},"end":{"line":88,"column":27}}]},"3":{"loc":{"start":{"line":152,"column":12},"end":{"line":152,"column":27}},"type":"binary-expr","locations":[{"start":{"line":152,"column":12},"end":{"line":152,"column":17}},{"start":{"line":152,"column":21},"end":{"line":152,"column":27}}]}},"s":{"0":0,"1":0,"2":0,"3":0,"4":0,"5":0,"6":0,"7":0,"8":0,"9":0,"10":0,"11":0,"12":0,"13":0,"14":0,"15":0,"16":0,"17":0,"18":0,"19":0,"20":0,"21":0,"22":0,"23":0,"24":0,"25":0,"26":0,"27":0,"28":0,"29":0,"30":0,"31":0,"32":0,"33":0,"34":0,"35":0,"36":0,"37":0,"38":0,"39":0,"40":0,"41":0,"42":0,"43":0,"44":0,"45":0,"46":0,"47":0,"48":0,"49":0,"50":0,"51":0},"f":{"0":0,"1":0,"2":0,"3":0,"4":0,"5":0,"6":0,"7":0,"8":0},"b":{"0":[0,0],"1":[0],"2":[0,0],"3":[0,0]}}
,"/Users/clemence/workspace/hotel-price-compare-assignment/src/components/ui/hover-card.tsx": {"path":"/Users/clemence/workspace/hotel-price-compare-assignment/src/components/ui/hover-card.tsx","statementMap":{"0":{"start":{"line":1,"column":0},"end":{"line":1,"column":30}},"1":{"start":{"line":2,"column":0},"end":{"line":2,"column":64}},"2":{"start":{"line":4,"column":0},"end":{"line":4,"column":32}},"3":{"start":{"line":6,"column":18},"end":{"line":6,"column":41}},"4":{"start":{"line":27,"column":9},"end":{"line":27,"column":18}},"5":{"start":{"line":8,"column":25},"end":{"line":8,"column":51}},"6":{"start":{"line":27,"column":20},"end":{"line":27,"column":36}},"7":{"start":{"line":10,"column":25},"end":{"line":24,"column":2}},"8":{"start":{"line":14,"column":2},"end":{"line":22,"column":null}},"9":{"start":{"line":27,"column":38},"end":{"line":27,"column":54}},"10":{"start":{"line":25,"column":0},"end":{"line":25,"column":null}}},"fnMap":{"0":{"name":"(anonymous_0)","decl":{"start":{"line":13,"column":2},"end":{"line":13,"column":3}},"loc":{"start":{"line":14,"column":2},"end":{"line":22,"column":null}}}},"branchMap":{"0":{"loc":{"start":{"line":13,"column":16},"end":{"line":13,"column":32}},"type":"default-arg","locations":[{"start":{"line":13,"column":24},"end":{"line":13,"column":32}}]},"1":{"loc":{"start":{"line":13,"column":34},"end":{"line":13,"column":48}},"type":"default-arg","locations":[{"start":{"line":13,"column":47},"end":{"line":13,"column":48}}]}},"s":{"0":0,"1":0,"2":0,"3":0,"4":0,"5":0,"6":0,"7":0,"8":0,"9":0,"10":0},"f":{"0":0},"b":{"0":[0],"1":[0]}}
,"/Users/clemence/workspace/hotel-price-compare-assignment/src/components/ui/toast.tsx": {"path":"/Users/clemence/workspace/hotel-price-compare-assignment/src/components/ui/toast.tsx","statementMap":{"0":{"start":{"line":1,"column":0},"end":{"line":1,"column":30}},"1":{"start":{"line":2,"column":0},"end":{"line":2,"column":56}},"2":{"start":{"line":3,"column":0},"end":{"line":3,"column":65}},"3":{"start":{"line":4,"column":0},"end":{"line":4,"column":32}},"4":{"start":{"line":6,"column":0},"end":{"line":6,"column":32}},"5":{"start":{"line":8,"column":22},"end":{"line":8,"column":46}},"6":{"start":{"line":120,"column":2},"end":{"line":120,"column":15}},"7":{"start":{"line":10,"column":22},"end":{"line":22,"column":2}},"8":{"start":{"line":14,"column":2},"end":{"line":20,"column":null}},"9":{"start":{"line":121,"column":2},"end":{"line":121,"column":15}},"10":{"start":{"line":23,"column":0},"end":{"line":23,"column":null}},"11":{"start":{"line":25,"column":22},"end":{"line":38,"column":null}},"12":{"start":{"line":41,"column":14},"end":{"line":53,"column":2}},"13":{"start":{"line":46,"column":2},"end":{"line":52,"column":null}},"14":{"start":{"line":122,"column":2},"end":{"line":122,"column":7}},"15":{"start":{"line":54,"column":0},"end":{"line":54,"column":null}},"16":{"start":{"line":56,"column":20},"end":{"line":68,"column":2}},"17":{"start":{"line":60,"column":2},"end":{"line":66,"column":null}},"18":{"start":{"line":126,"column":2},"end":{"line":126,"column":13}},"19":{"start":{"line":69,"column":0},"end":{"line":69,"column":null}},"20":{"start":{"line":71,"column":19},"end":{"line":86,"column":2}},"21":{"start":{"line":75,"column":2},"end":{"line":84,"column":null}},"22":{"start":{"line":125,"column":2},"end":{"line":125,"column":12}},"23":{"start":{"line":87,"column":0},"end":{"line":87,"column":null}},"24":{"start":{"line":89,"column":19},"end":{"line":98,"column":2}},"25":{"start":{"line":93,"column":2},"end":{"line":96,"column":null}},"26":{"start":{"line":123,"column":2},"end":{"line":123,"column":12}},"27":{"start":{"line":99,"column":0},"end":{"line":99,"column":null}},"28":{"start":{"line":101,"column":25},"end":{"line":110,"column":2}},"29":{"start":{"line":105,"column":2},"end":{"line":108,"column":null}},"30":{"start":{"line":124,"column":2},"end":{"line":124,"column":18}},"31":{"start":{"line":111,"column":0},"end":{"line":111,"column":null}}},"fnMap":{"0":{"name":"(anonymous_0)","decl":{"start":{"line":13,"column":2},"end":{"line":13,"column":3}},"loc":{"start":{"line":14,"column":2},"end":{"line":20,"column":null}}},"1":{"name":"(anonymous_1)","decl":{"start":{"line":45,"column":2},"end":{"line":45,"column":3}},"loc":{"start":{"line":45,"column":44},"end":{"line":53,"column":1}}},"2":{"name":"(anonymous_2)","decl":{"start":{"line":59,"column":2},"end":{"line":59,"column":3}},"loc":{"start":{"line":60,"column":2},"end":{"line":66,"column":null}}},"3":{"name":"(anonymous_3)","decl":{"start":{"line":74,"column":2},"end":{"line":74,"column":3}},"loc":{"start":{"line":75,"column":2},"end":{"line":84,"column":null}}},"4":{"name":"(anonymous_4)","decl":{"start":{"line":92,"column":2},"end":{"line":92,"column":3}},"loc":{"start":{"line":93,"column":2},"end":{"line":96,"column":null}}},"5":{"name":"(anonymous_5)","decl":{"start":{"line":104,"column":2},"end":{"line":104,"column":3}},"loc":{"start":{"line":105,"column":2},"end":{"line":108,"column":null}}}},"branchMap":{},"s":{"0":0,"1":0,"2":0,"3":0,"4":0,"5":0,"6":0,"7":0,"8":0,"9":0,"10":0,"11":0,"12":0,"13":0,"14":0,"15":0,"16":0,"17":0,"18":0,"19":0,"20":0,"21":0,"22":0,"23":0,"24":0,"25":0,"26":0,"27":0,"28":0,"29":0,"30":0,"31":0},"f":{"0":0,"1":0,"2":0,"3":0,"4":0,"5":0},"b":{}}
,"/Users/clemence/workspace/hotel-price-compare-assignment/src/components/ui/toaster.tsx": {"path":"/Users/clemence/workspace/hotel-price-compare-assignment/src/components/ui/toaster.tsx","statementMap":{"0":{"start":{"line":1,"column":0},"end":{"line":1,"column":null}},"1":{"start":{"line":9,"column":0},"end":{"line":9,"column":51}},"2":{"start":{"line":12,"column":21},"end":{"line":12,"column":31}},"3":{"start":{"line":14,"column":4},"end":{"line":34,"column":6}},"4":{"start":{"line":17,"column":16},"end":{"line":30,"column":18}},"5":{"start":{"line":11,"column":0},"end":{"line":11,"column":16}}},"fnMap":{"0":{"name":"Toaster","decl":{"start":{"line":11,"column":16},"end":{"line":11,"column":23}},"loc":{"start":{"line":11,"column":23},"end":{"line":35,"column":1}}},"1":{"name":"(anonymous_1)","decl":{"start":{"line":16,"column":24},"end":{"line":16,"column":34}},"loc":{"start":{"line":16,"column":76},"end":{"line":31,"column":13}}}},"branchMap":{"0":{"loc":{"start":{"line":20,"column":29},"end":{"line":20,"column":70}},"type":"binary-expr","locations":[{"start":{"line":20,"column":29},"end":{"line":20,"column":34}},{"start":{"line":20,"column":38},"end":{"line":20,"column":70}}]},"1":{"loc":{"start":{"line":21,"column":29},"end":{"line":24,"column":null}},"type":"binary-expr","locations":[{"start":{"line":21,"column":29},"end":{"line":21,"column":40}},{"start":{"line":22,"column":32},"end":{"line":23,"column":null}}]}},"s":{"0":0,"1":0,"2":0,"3":0,"4":0,"5":0},"f":{"0":0,"1":0},"b":{"0":[0,0],"1":[0,0]}}
,"/Users/clemence/workspace/hotel-price-compare-assignment/src/components/ui/tooltip.tsx": {"path":"/Users/clemence/workspace/hotel-price-compare-assignment/src/components/ui/tooltip.tsx","statementMap":{"0":{"start":{"line":1,"column":0},"end":{"line":1,"column":30}},"1":{"start":{"line":2,"column":0},"end":{"line":2,"column":59}},"2":{"start":{"line":4,"column":0},"end":{"line":4,"column":32}},"3":{"start":{"line":6,"column":24},"end":{"line":6,"column":49}},"4":{"start":{"line":28,"column":50},"end":{"line":28,"column":65}},"5":{"start":{"line":8,"column":16},"end":{"line":8,"column":37}},"6":{"start":{"line":28,"column":9},"end":{"line":28,"column":16}},"7":{"start":{"line":10,"column":23},"end":{"line":10,"column":47}},"8":{"start":{"line":28,"column":18},"end":{"line":28,"column":32}},"9":{"start":{"line":12,"column":23},"end":{"line":25,"column":2}},"10":{"start":{"line":16,"column":2},"end":{"line":23,"column":null}},"11":{"start":{"line":28,"column":34},"end":{"line":28,"column":48}},"12":{"start":{"line":26,"column":0},"end":{"line":26,"column":null}}},"fnMap":{"0":{"name":"(anonymous_0)","decl":{"start":{"line":15,"column":2},"end":{"line":15,"column":3}},"loc":{"start":{"line":16,"column":2},"end":{"line":23,"column":null}}}},"branchMap":{"0":{"loc":{"start":{"line":15,"column":16},"end":{"line":15,"column":30}},"type":"default-arg","locations":[{"start":{"line":15,"column":29},"end":{"line":15,"column":30}}]}},"s":{"0":1,"1":1,"2":1,"3":1,"4":1,"5":1,"6":1,"7":1,"8":1,"9":1,"10":1,"11":1,"12":1},"f":{"0":1},"b":{"0":[1]}}
,"/Users/clemence/workspace/hotel-price-compare-assignment/src/components/ui/use-toast.ts": {"path":"/Users/clemence/workspace/hotel-price-compare-assignment/src/components/ui/use-toast.ts","statementMap":{"0":{"start":{"line":2,"column":0},"end":{"line":2,"column":30}},"1":{"start":{"line":9,"column":20},"end":{"line":9,"column":21}},"2":{"start":{"line":10,"column":27},"end":{"line":10,"column":34}},"3":{"start":{"line":19,"column":20},"end":{"line":24,"column":null}},"4":{"start":{"line":26,"column":12},"end":{"line":26,"column":13}},"5":{"start":{"line":29,"column":2},"end":{"line":29,"column":null}},"6":{"start":{"line":30,"column":2},"end":{"line":30,"column":null}},"7":{"start":{"line":57,"column":22},"end":{"line":57,"column":70}},"8":{"start":{"line":59,"column":25},"end":{"line":73,"column":1}},"9":{"start":{"line":60,"column":2},"end":{"line":62,"column":3}},"10":{"start":{"line":61,"column":4},"end":{"line":61,"column":10}},"11":{"start":{"line":64,"column":18},"end":{"line":70,"column":24}},"12":{"start":{"line":65,"column":4},"end":{"line":65,"column":null}},"13":{"start":{"line":66,"column":4},"end":{"line":69,"column":null}},"14":{"start":{"line":72,"column":2},"end":{"line":72,"column":null}},"15":{"start":{"line":75,"column":23},"end":{"line":128,"column":1}},"16":{"start":{"line":76,"column":2},"end":{"line":127,"column":3}},"17":{"start":{"line":78,"column":6},"end":{"line":81,"column":null}},"18":{"start":{"line":84,"column":6},"end":{"line":89,"column":null}},"19":{"start":{"line":87,"column":10},"end":{"line":87,"column":66}},"20":{"start":{"line":92,"column":26},"end":{"line":92,"column":32}},"21":{"start":{"line":96,"column":6},"end":{"line":102,"column":7}},"22":{"start":{"line":97,"column":8},"end":{"line":97,"column":null}},"23":{"start":{"line":99,"column":8},"end":{"line":101,"column":null}},"24":{"start":{"line":100,"column":10},"end":{"line":100,"column":null}},"25":{"start":{"line":104,"column":6},"end":{"line":114,"column":null}},"26":{"start":{"line":107,"column":10},"end":{"line":112,"column":15}},"27":{"start":{"line":117,"column":6},"end":{"line":122,"column":7}},"28":{"start":{"line":118,"column":8},"end":{"line":121,"column":null}},"29":{"start":{"line":123,"column":6},"end":{"line":126,"column":null}},"30":{"start":{"line":125,"column":43},"end":{"line":125,"column":66}},"31":{"start":{"line":75,"column":13},"end":{"line":75,"column":23}},"32":{"start":{"line":130,"column":49},"end":{"line":130,"column":51}},"33":{"start":{"line":132,"column":25},"end":{"line":132,"column":39}},"34":{"start":{"line":135,"column":2},"end":{"line":135,"column":null}},"35":{"start":{"line":136,"column":2},"end":{"line":138,"column":null}},"36":{"start":{"line":137,"column":4},"end":{"line":137,"column":null}},"37":{"start":{"line":144,"column":13},"end":{"line":144,"column":20}},"38":{"start":{"line":146,"column":17},"end":{"line":150,"column":6}},"39":{"start":{"line":147,"column":4},"end":{"line":150,"column":6}},"40":{"start":{"line":151,"column":18},"end":{"line":151,"column":72}},"41":{"start":{"line":151,"column":24},"end":{"line":151,"column":72}},"42":{"start":{"line":153,"column":2},"end":{"line":163,"column":null}},"43":{"start":{"line":160,"column":8},"end":{"line":160,"column":null}},"44":{"start":{"line":160,"column":19},"end":{"line":160,"column":null}},"45":{"start":{"line":165,"column":2},"end":{"line":169,"column":null}},"46":{"start":{"line":192,"column":19},"end":{"line":192,"column":24}},"47":{"start":{"line":173,"column":28},"end":{"line":173,"column":62}},"48":{"start":{"line":175,"column":2},"end":{"line":183,"column":null}},"49":{"start":{"line":176,"column":4},"end":{"line":176,"column":null}},"50":{"start":{"line":177,"column":4},"end":{"line":182,"column":null}},"51":{"start":{"line":178,"column":20},"end":{"line":178,"column":47}},"52":{"start":{"line":179,"column":6},"end":{"line":181,"column":7}},"53":{"start":{"line":180,"column":8},"end":{"line":180,"column":null}},"54":{"start":{"line":185,"column":2},"end":{"line":189,"column":null}},"55":{"start":{"line":188,"column":35},"end":{"line":188,"column":79}},"56":{"start":{"line":192,"column":9},"end":{"line":192,"column":17}}},"fnMap":{"0":{"name":"genId","decl":{"start":{"line":28,"column":9},"end":{"line":28,"column":14}},"loc":{"start":{"line":28,"column":14},"end":{"line":31,"column":1}}},"1":{"name":"(anonymous_1)","decl":{"start":{"line":59,"column":25},"end":{"line":59,"column":26}},"loc":{"start":{"line":59,"column":45},"end":{"line":73,"column":1}}},"2":{"name":"(anonymous_2)","decl":{"start":{"line":64,"column":29},"end":{"line":64,"column":32}},"loc":{"start":{"line":64,"column":34},"end":{"line":70,"column":3}}},"3":{"name":"(anonymous_3)","decl":{"start":{"line":75,"column":23},"end":{"line":75,"column":24}},"loc":{"start":{"line":75,"column":63},"end":{"line":128,"column":1}}},"4":{"name":"(anonymous_4)","decl":{"start":{"line":86,"column":33},"end":{"line":86,"column":34}},"loc":{"start":{"line":87,"column":10},"end":{"line":87,"column":66}}},"5":{"name":"(anonymous_5)","decl":{"start":{"line":99,"column":29},"end":{"line":99,"column":30}},"loc":{"start":{"line":99,"column":39},"end":{"line":101,"column":9}}},"6":{"name":"(anonymous_6)","decl":{"start":{"line":106,"column":33},"end":{"line":106,"column":34}},"loc":{"start":{"line":107,"column":10},"end":{"line":112,"column":15}}},"7":{"name":"(anonymous_7)","decl":{"start":{"line":125,"column":36},"end":{"line":125,"column":37}},"loc":{"start":{"line":125,"column":43},"end":{"line":125,"column":66}}},"8":{"name":"dispatch","decl":{"start":{"line":134,"column":9},"end":{"line":134,"column":17}},"loc":{"start":{"line":134,"column":32},"end":{"line":139,"column":1}}},"9":{"name":"(anonymous_9)","decl":{"start":{"line":136,"column":20},"end":{"line":136,"column":21}},"loc":{"start":{"line":136,"column":33},"end":{"line":138,"column":3}}},"10":{"name":"toast","decl":{"start":{"line":143,"column":9},"end":{"line":143,"column":14}},"loc":{"start":{"line":143,"column":34},"end":{"line":170,"column":1}}},"11":{"name":"(anonymous_11)","decl":{"start":{"line":146,"column":17},"end":{"line":146,"column":18}},"loc":{"start":{"line":147,"column":4},"end":{"line":150,"column":6}}},"12":{"name":"(anonymous_12)","decl":{"start":{"line":151,"column":18},"end":{"line":151,"column":21}},"loc":{"start":{"line":151,"column":24},"end":{"line":151,"column":72}}},"13":{"name":"(anonymous_13)","decl":{"start":{"line":159,"column":20},"end":{"line":159,"column":21}},"loc":{"start":{"line":159,"column":29},"end":{"line":161,"column":7}}},"14":{"name":"useToast","decl":{"start":{"line":172,"column":9},"end":{"line":172,"column":17}},"loc":{"start":{"line":172,"column":17},"end":{"line":190,"column":1}}},"15":{"name":"(anonymous_15)","decl":{"start":{"line":175,"column":18},"end":{"line":175,"column":21}},"loc":{"start":{"line":175,"column":23},"end":{"line":183,"column":3}}},"16":{"name":"(anonymous_16)","decl":{"start":{"line":177,"column":11},"end":{"line":177,"column":14}},"loc":{"start":{"line":177,"column":16},"end":{"line":182,"column":5}}},"17":{"name":"(anonymous_17)","decl":{"start":{"line":188,"column":13},"end":{"line":188,"column":14}},"loc":{"start":{"line":188,"column":35},"end":{"line":188,"column":79}}}},"branchMap":{"0":{"loc":{"start":{"line":60,"column":2},"end":{"line":62,"column":3}},"type":"if","locations":[{"start":{"line":60,"column":2},"end":{"line":62,"column":3}}]},"1":{"loc":{"start":{"line":76,"column":2},"end":{"line":127,"column":3}},"type":"switch","locations":[{"start":{"line":77,"column":4},"end":{"line":81,"column":null}},{"start":{"line":83,"column":4},"end":{"line":89,"column":null}},{"start":{"line":91,"column":4},"end":{"line":115,"column":5}},{"start":{"line":116,"column":4},"end":{"line":126,"column":null}}]},"2":{"loc":{"start":{"line":87,"column":10},"end":{"line":87,"column":66}},"type":"cond-expr","locations":[{"start":{"line":87,"column":37},"end":{"line":87,"column":62}},{"start":{"line":87,"column":65},"end":{"line":87,"column":66}}]},"3":{"loc":{"start":{"line":96,"column":6},"end":{"line":102,"column":7}},"type":"if","locations":[{"start":{"line":96,"column":6},"end":{"line":102,"column":7}},{"start":{"line":98,"column":13},"end":{"line":102,"column":7}}]},"4":{"loc":{"start":{"line":107,"column":10},"end":{"line":112,"column":15}},"type":"cond-expr","locations":[{"start":{"line":108,"column":14},"end":{"line":111,"column":null}},{"start":{"line":112,"column":14},"end":{"line":112,"column":15}}]},"5":{"loc":{"start":{"line":107,"column":10},"end":{"line":107,"column":51}},"type":"binary-expr","locations":[{"start":{"line":107,"column":10},"end":{"line":107,"column":26}},{"start":{"line":107,"column":30},"end":{"line":107,"column":51}}]},"6":{"loc":{"start":{"line":117,"column":6},"end":{"line":122,"column":7}},"type":"if","locations":[{"start":{"line":117,"column":6},"end":{"line":122,"column":7}}]},"7":{"loc":{"start":{"line":160,"column":8},"end":{"line":160,"column":null}},"type":"if","locations":[{"start":{"line":160,"column":8},"end":{"line":160,"column":null}}]},"8":{"loc":{"start":{"line":179,"column":6},"end":{"line":181,"column":7}},"type":"if","locations":[{"start":{"line":179,"column":6},"end":{"line":181,"column":7}}]}},"s":{"0":0,"1":0,"2":0,"3":0,"4":0,"5":0,"6":0,"7":0,"8":0,"9":0,"10":0,"11":0,"12":0,"13":0,"14":0,"15":0,"16":0,"17":0,"18":0,"19":0,"20":0,"21":0,"22":0,"23":0,"24":0,"25":0,"26":0,"27":0,"28":0,"29":0,"30":0,"31":0,"32":0,"33":0,"34":0,"35":0,"36":0,"37":0,"38":0,"39":0,"40":0,"41":0,"42":0,"43":0,"44":0,"45":0,"46":0,"47":0,"48":0,"49":0,"50":0,"51":0,"52":0,"53":0,"54":0,"55":0,"56":0},"f":{"0":0,"1":0,"2":0,"3":0,"4":0,"5":0,"6":0,"7":0,"8":0,"9":0,"10":0,"11":0,"12":0,"13":0,"14":0,"15":0,"16":0,"17":0},"b":{"0":[0],"1":[0,0,0,0],"2":[0,0],"3":[0,0],"4":[0,0],"5":[0,0],"6":[0],"7":[0],"8":[0]}}
,"/Users/clemence/workspace/hotel-price-compare-assignment/src/features/hotel/HotelComparePage.tsx": {"path":"/Users/clemence/workspace/hotel-price-compare-assignment/src/features/hotel/HotelComparePage.tsx","statementMap":{"0":{"start":{"line":1,"column":0},"end":{"line":1,"column":63}},"1":{"start":{"line":2,"column":0},"end":{"line":2,"column":68}},"2":{"start":{"line":3,"column":0},"end":{"line":3,"column":50}},"3":{"start":{"line":4,"column":0},"end":{"line":4,"column":52}},"4":{"start":{"line":5,"column":0},"end":{"line":5,"column":57}},"5":{"start":{"line":8,"column":23},"end":{"line":8,"column":41}},"6":{"start":{"line":10,"column":17},"end":{"line":10,"column":47}},"7":{"start":{"line":13,"column":23},"end":{"line":13,"column":79}},"8":{"start":{"line":13,"column":45},"end":{"line":13,"column":78}},"9":{"start":{"line":16,"column":23},"end":{"line":20,"column":6}},"10":{"start":{"line":17,"column":8},"end":{"line":17,"column":31}},"11":{"start":{"line":17,"column":22},"end":{"line":17,"column":31}},"12":{"start":{"line":18,"column":8},"end":{"line":18,"column":32}},"13":{"start":{"line":18,"column":22},"end":{"line":18,"column":32}},"14":{"start":{"line":19,"column":8},"end":{"line":19,"column":17}},"15":{"start":{"line":21,"column":4},"end":{"line":37,"column":6}},"16":{"start":{"line":30,"column":24},"end":{"line":30,"column":70}},"17":{"start":{"line":7,"column":0},"end":{"line":7,"column":24}}},"fnMap":{"0":{"name":"HotelComparePage","decl":{"start":{"line":7,"column":24},"end":{"line":7,"column":40}},"loc":{"start":{"line":7,"column":40},"end":{"line":38,"column":1}}},"1":{"name":"(anonymous_1)","decl":{"start":{"line":13,"column":35},"end":{"line":13,"column":36}},"loc":{"start":{"line":13,"column":45},"end":{"line":13,"column":78}}},"2":{"name":"(anonymous_2)","decl":{"start":{"line":16,"column":41},"end":{"line":16,"column":42}},"loc":{"start":{"line":16,"column":50},"end":{"line":20,"column":5}}},"3":{"name":"(anonymous_3)","decl":{"start":{"line":29,"column":36},"end":{"line":29,"column":37}},"loc":{"start":{"line":30,"column":24},"end":{"line":30,"column":70}}}},"branchMap":{"0":{"loc":{"start":{"line":13,"column":45},"end":{"line":13,"column":78}},"type":"binary-expr","locations":[{"start":{"line":13,"column":45},"end":{"line":13,"column":56}},{"start":{"line":13,"column":60},"end":{"line":13,"column":78}}]},"1":{"loc":{"start":{"line":17,"column":8},"end":{"line":17,"column":31}},"type":"if","locations":[{"start":{"line":17,"column":8},"end":{"line":17,"column":31}}]},"2":{"loc":{"start":{"line":18,"column":8},"end":{"line":18,"column":32}},"type":"if","locations":[{"start":{"line":18,"column":8},"end":{"line":18,"column":32}}]},"3":{"loc":{"start":{"line":28,"column":17},"end":{"line":33,"column":null}},"type":"cond-expr","locations":[{"start":{"line":29,"column":20},"end":{"line":31,"column":22}},{"start":{"line":33,"column":20},"end":{"line":33,"column":31}}]}},"s":{"0":0,"1":0,"2":0,"3":0,"4":0,"5":0,"6":0,"7":0,"8":0,"9":0,"10":0,"11":0,"12":0,"13":0,"14":0,"15":0,"16":0,"17":0},"f":{"0":0,"1":0,"2":0,"3":0},"b":{"0":[0,0],"1":[0],"2":[0],"3":[0,0]}}
,"/Users/clemence/workspace/hotel-price-compare-assignment/src/hooks/useApi.ts": {"path":"/Users/clemence/workspace/hotel-price-compare-assignment/src/hooks/useApi.ts","statementMap":{"0":{"start":{"line":1,"column":0},"end":{"line":1,"column":53}},"1":{"start":{"line":2,"column":0},"end":{"line":2,"column":49}},"2":{"start":{"line":3,"column":0},"end":{"line":3,"column":36}},"3":{"start":{"line":5,"column":0},"end":{"line":5,"column":57}},"4":{"start":{"line":29,"column":14},"end":{"line":29,"column":30}},"5":{"start":{"line":30,"column":2},"end":{"line":30,"column":20}},"6":{"start":{"line":28,"column":0},"end":{"line":28,"column":7}},"7":{"start":{"line":34,"column":18},"end":{"line":34,"column":28}},"8":{"start":{"line":36,"column":18},"end":{"line":36,"column":76}},"9":{"start":{"line":38,"column":24},"end":{"line":41,"column":4}},"10":{"start":{"line":40,"column":19},"end":{"line":40,"column":40}},"11":{"start":{"line":43,"column":2},"end":{"line":51,"column":null}},"12":{"start":{"line":44,"column":4},"end":{"line":50,"column":5}},"13":{"start":{"line":45,"column":6},"end":{"line":49,"column":9}},"14":{"start":{"line":53,"column":2},"end":{"line":53,"column":16}},"15":{"start":{"line":33,"column":0},"end":{"line":33,"column":16}},"16":{"start":{"line":57,"column":18},"end":{"line":57,"column":28}},"17":{"start":{"line":59,"column":18},"end":{"line":59,"column":95}},"18":{"start":{"line":61,"column":24},"end":{"line":64,"column":4}},"19":{"start":{"line":63,"column":19},"end":{"line":63,"column":40}},"20":{"start":{"line":66,"column":2},"end":{"line":74,"column":null}},"21":{"start":{"line":67,"column":4},"end":{"line":73,"column":5}},"22":{"start":{"line":68,"column":6},"end":{"line":72,"column":9}},"23":{"start":{"line":76,"column":2},"end":{"line":76,"column":16}},"24":{"start":{"line":56,"column":0},"end":{"line":56,"column":16}},"25":{"start":{"line":84,"column":28},"end":{"line":84,"column":42}},"26":{"start":{"line":85,"column":28},"end":{"line":85,"column":56}},"27":{"start":{"line":88,"column":2},"end":{"line":94,"column":11}},"28":{"start":{"line":89,"column":30},"end":{"line":89,"column":74}},"29":{"start":{"line":89,"column":54},"end":{"line":89,"column":73}},"30":{"start":{"line":90,"column":4},"end":{"line":93,"column":null}},"31":{"start":{"line":83,"column":0},"end":{"line":83,"column":16}}},"fnMap":{"0":{"name":"genericFetch","decl":{"start":{"line":28,"column":22},"end":{"line":28,"column":34}},"loc":{"start":{"line":28,"column":46},"end":{"line":31,"column":1}}},"1":{"name":"useHotelData","decl":{"start":{"line":33,"column":16},"end":{"line":33,"column":28}},"loc":{"start":{"line":33,"column":28},"end":{"line":54,"column":1}}},"2":{"name":"(anonymous_2)","decl":{"start":{"line":40,"column":13},"end":{"line":40,"column":16}},"loc":{"start":{"line":40,"column":19},"end":{"line":40,"column":40}}},"3":{"name":"(anonymous_3)","decl":{"start":{"line":43,"column":12},"end":{"line":43,"column":15}},"loc":{"start":{"line":43,"column":17},"end":{"line":51,"column":3}}},"4":{"name":"usePriceData","decl":{"start":{"line":56,"column":16},"end":{"line":56,"column":28}},"loc":{"start":{"line":56,"column":63},"end":{"line":77,"column":1}}},"5":{"name":"(anonymous_5)","decl":{"start":{"line":63,"column":13},"end":{"line":63,"column":16}},"loc":{"start":{"line":63,"column":19},"end":{"line":63,"column":40}}},"6":{"name":"(anonymous_6)","decl":{"start":{"line":66,"column":12},"end":{"line":66,"column":15}},"loc":{"start":{"line":66,"column":17},"end":{"line":74,"column":3}}},"7":{"name":"useCombinedHotelData","decl":{"start":{"line":83,"column":16},"end":{"line":83,"column":36}},"loc":{"start":{"line":83,"column":79},"end":{"line":95,"column":1}}},"8":{"name":"(anonymous_8)","decl":{"start":{"line":88,"column":24},"end":{"line":88,"column":28}},"loc":{"start":{"line":88,"column":31},"end":{"line":94,"column":3}}},"9":{"name":"(anonymous_9)","decl":{"start":{"line":89,"column":46},"end":{"line":89,"column":50}},"loc":{"start":{"line":89,"column":54},"end":{"line":89,"column":73}}}},"branchMap":{"0":{"loc":{"start":{"line":44,"column":4},"end":{"line":50,"column":5}},"type":"if","locations":[{"start":{"line":44,"column":4},"end":{"line":50,"column":5}}]},"1":{"loc":{"start":{"line":56,"column":47},"end":{"line":56,"column":63}},"type":"default-arg","locations":[{"start":{"line":56,"column":62},"end":{"line":56,"column":63}}]},"2":{"loc":{"start":{"line":67,"column":4},"end":{"line":73,"column":5}},"type":"if","locations":[{"start":{"line":67,"column":4},"end":{"line":73,"column":5}}]},"3":{"loc":{"start":{"line":83,"column":37},"end":{"line":83,"column":61}},"type":"default-arg","locations":[{"start":{"line":83,"column":56},"end":{"line":83,"column":61}}]},"4":{"loc":{"start":{"line":83,"column":63},"end":{"line":83,"column":79}},"type":"default-arg","locations":[{"start":{"line":83,"column":78},"end":{"line":83,"column":79}}]},"5":{"loc":{"start":{"line":88,"column":9},"end":{"line":94,"column":10}},"type":"binary-expr","locations":[{"start":{"line":88,"column":9},"end":{"line":94,"column":4}},{"start":{"line":94,"column":8},"end":{"line":94,"column":10}}]}},"s":{"0":0,"1":0,"2":0,"3":0,"4":0,"5":0,"6":0,"7":0,"8":0,"9":0,"10":0,"11":0,"12":0,"13":0,"14":0,"15":0,"16":0,"17":0,"18":0,"19":0,"20":0,"21":0,"22":0,"23":0,"24":0,"25":0,"26":0,"27":0,"28":0,"29":0,"30":0,"31":0},"f":{"0":0,"1":0,"2":0,"3":0,"4":0,"5":0,"6":0,"7":0,"8":0,"9":0},"b":{"0":[0],"1":[0],"2":[0],"3":[0],"4":[0],"5":[0,0]}}
,"/Users/clemence/workspace/hotel-price-compare-assignment/src/lib/utils.ts": {"path":"/Users/clemence/workspace/hotel-price-compare-assignment/src/lib/utils.ts","statementMap":{"0":{"start":{"line":1,"column":0},"end":{"line":1,"column":44}},"1":{"start":{"line":2,"column":0},"end":{"line":2,"column":40}},"2":{"start":{"line":5,"column":2},"end":{"line":5,"column":null}},"3":{"start":{"line":4,"column":0},"end":{"line":4,"column":16}}},"fnMap":{"0":{"name":"cn","decl":{"start":{"line":4,"column":16},"end":{"line":4,"column":18}},"loc":{"start":{"line":4,"column":42},"end":{"line":6,"column":1}}}},"branchMap":{},"s":{"0":1,"1":1,"2":1,"3":1},"f":{"0":1},"b":{}}
,"/Users/clemence/workspace/hotel-price-compare-assignment/src/lib/logger/logger.ts": {"path":"/Users/clemence/workspace/hotel-price-compare-assignment/src/lib/logger/logger.ts","statementMap":{"0":{"start":{"line":10,"column":30},"end":{"line":10,"column":38}},"1":{"start":{"line":13,"column":4},"end":{"line":13,"column":null}},"2":{"start":{"line":15,"column":4},"end":{"line":15,"column":null}},"3":{"start":{"line":18,"column":8},"end":{"line":18,"column":38}},"4":{"start":{"line":19,"column":25},"end":{"line":19,"column":87}},"5":{"start":{"line":20,"column":8},"end":{"line":20,"column":45}},"6":{"start":{"line":20,"column":21},"end":{"line":20,"column":44}},"7":{"start":{"line":24,"column":8},"end":{"line":29,"column":11}},"8":{"start":{"line":33,"column":8},"end":{"line":33,"column":46}},"9":{"start":{"line":33,"column":39},"end":{"line":33,"column":46}},"10":{"start":{"line":35,"column":8},"end":{"line":35,"column":41}},"11":{"start":{"line":36,"column":8},"end":{"line":36,"column":26}},"12":{"start":{"line":40,"column":15},"end":{"line":40,"column":27}},"13":{"start":{"line":42,"column":41},"end":{"line":56,"column":1}},"14":{"start":{"line":45,"column":16},"end":{"line":45,"column":28}},"15":{"start":{"line":47,"column":4},"end":{"line":55,"column":11}},"16":{"start":{"line":49,"column":12},"end":{"line":49,"column":61}},"17":{"start":{"line":50,"column":12},"end":{"line":50,"column":26}},"18":{"start":{"line":53,"column":12},"end":{"line":53,"column":61}},"19":{"start":{"line":54,"column":12},"end":{"line":54,"column":24}},"20":{"start":{"line":42,"column":13},"end":{"line":42,"column":41}},"21":{"start":{"line":58,"column":0},"end":{"line":58,"column":22}}},"fnMap":{"0":{"name":"(anonymous_0)","decl":{"start":{"line":12,"column":0},"end":{"line":12,"column":6}},"loc":{"start":{"line":12,"column":0},"end":{"line":38,"column":1}}},"1":{"name":"(anonymous_1)","decl":{"start":{"line":17,"column":4},"end":{"line":17,"column":14}},"loc":{"start":{"line":17,"column":53},"end":{"line":21,"column":5}}},"2":{"name":"(anonymous_2)","decl":{"start":{"line":20,"column":15},"end":{"line":20,"column":18}},"loc":{"start":{"line":20,"column":21},"end":{"line":20,"column":44}}},"3":{"name":"(anonymous_3)","decl":{"start":{"line":23,"column":4},"end":{"line":23,"column":7}},"loc":{"start":{"line":23,"column":41},"end":{"line":30,"column":5}}},"4":{"name":"(anonymous_4)","decl":{"start":{"line":32,"column":4},"end":{"line":32,"column":14}},"loc":{"start":{"line":32,"column":14},"end":{"line":37,"column":5}}},"5":{"name":"(anonymous_5)","decl":{"start":{"line":42,"column":41},"end":{"line":42,"column":42}},"loc":{"start":{"line":42,"column":53},"end":{"line":56,"column":1}}},"6":{"name":"(anonymous_6)","decl":{"start":{"line":48,"column":14},"end":{"line":48,"column":15}},"loc":{"start":{"line":48,"column":25},"end":{"line":51,"column":9}}},"7":{"name":"(anonymous_7)","decl":{"start":{"line":52,"column":15},"end":{"line":52,"column":16}},"loc":{"start":{"line":52,"column":25},"end":{"line":55,"column":9}}}},"branchMap":{"0":{"loc":{"start":{"line":33,"column":8},"end":{"line":33,"column":46}},"type":"if","locations":[{"start":{"line":33,"column":8},"end":{"line":33,"column":46}}]}},"s":{"0":0,"1":0,"2":0,"3":0,"4":0,"5":0,"6":0,"7":0,"8":0,"9":0,"10":0,"11":0,"12":0,"13":0,"14":0,"15":0,"16":0,"17":0,"18":0,"19":0,"20":0,"21":0},"f":{"0":0,"1":0,"2":0,"3":0,"4":0,"5":0,"6":0,"7":0},"b":{"0":[0]}}
,"/Users/clemence/workspace/hotel-price-compare-assignment/src/lib/query/queryWithInterceptor.ts": {"path":"/Users/clemence/workspace/hotel-price-compare-assignment/src/lib/query/queryWithInterceptor.ts","statementMap":{"0":{"start":{"line":1,"column":0},"end":{"line":1,"column":57}},"1":{"start":{"line":2,"column":0},"end":{"line":2,"column":78}},"2":{"start":{"line":6,"column":25},"end":{"line":12,"column":5}},"3":{"start":{"line":7,"column":6},"end":{"line":11,"column":7}},"4":{"start":{"line":9,"column":8},"end":{"line":9,"column":null}},"5":{"start":{"line":10,"column":8},"end":{"line":10,"column":15}},"6":{"start":{"line":14,"column":4},"end":{"line":23,"column":7}},"7":{"start":{"line":5,"column":0},"end":{"line":5,"column":24}}},"fnMap":{"0":{"name":"customHookQueryWithInterceptor","decl":{"start":{"line":5,"column":24},"end":{"line":5,"column":54}},"loc":{"start":{"line":5,"column":54},"end":{"line":24,"column":1}}},"1":{"name":"(anonymous_1)","decl":{"start":{"line":6,"column":25},"end":{"line":6,"column":26}},"loc":{"start":{"line":6,"column":40},"end":{"line":12,"column":5}}}},"branchMap":{"0":{"loc":{"start":{"line":7,"column":6},"end":{"line":11,"column":7}},"type":"if","locations":[{"start":{"line":7,"column":6},"end":{"line":11,"column":7}}]},"1":{"loc":{"start":{"line":7,"column":10},"end":{"line":7,"column":97}},"type":"binary-expr","locations":[{"start":{"line":7,"column":10},"end":{"line":7,"column":31}},{"start":{"line":7,"column":35},"end":{"line":7,"column":97}}]}},"s":{"0":0,"1":0,"2":0,"3":0,"4":0,"5":0,"6":0,"7":0},"f":{"0":0,"1":0},"b":{"0":[0],"1":[0,0]}}
,"/Users/clemence/workspace/hotel-price-compare-assignment/src/stores/currency-state.ts": {"path":"/Users/clemence/workspace/hotel-price-compare-assignment/src/stores/currency-state.ts","statementMap":{"0":{"start":{"line":1,"column":0},"end":{"line":1,"column":33}},"1":{"start":{"line":2,"column":0},"end":{"line":2,"column":45}},"2":{"start":{"line":5,"column":20},"end":{"line":5,"column":50}},"3":{"start":{"line":12,"column":13},"end":{"line":21,"column":3}},"4":{"start":{"line":14,"column":16},"end":{"line":17,"column":8}},"5":{"start":{"line":16,"column":35},"end":{"line":16,"column":58}},"6":{"start":{"line":16,"column":46},"end":{"line":16,"column":56}}},"fnMap":{"0":{"name":"(anonymous_0)","decl":{"start":{"line":14,"column":6},"end":{"line":14,"column":7}},"loc":{"start":{"line":14,"column":16},"end":{"line":17,"column":8}}},"1":{"name":"(anonymous_1)","decl":{"start":{"line":16,"column":21},"end":{"line":16,"column":22}},"loc":{"start":{"line":16,"column":35},"end":{"line":16,"column":58}}},"2":{"name":"(anonymous_2)","decl":{"start":{"line":16,"column":39},"end":{"line":16,"column":42}},"loc":{"start":{"line":16,"column":46},"end":{"line":16,"column":56}}}},"branchMap":{},"s":{"0":0,"1":0,"2":0,"3":0,"4":0,"5":0,"6":0},"f":{"0":0,"1":0,"2":0},"b":{}}
,"/Users/clemence/workspace/hotel-price-compare-assignment/src/utils/ErrorHandlers.ts": {"path":"/Users/clemence/workspace/hotel-price-compare-assignment/src/utils/ErrorHandlers.ts","statementMap":{"0":{"start":{"line":1,"column":13},"end":{"line":1,"column":92}},"1":{"start":{"line":8,"column":4},"end":{"line":10,"column":5}},"2":{"start":{"line":9,"column":8},"end":{"line":9,"column":21}},"3":{"start":{"line":11,"column":20},"end":{"line":11,"column":59}},"4":{"start":{"line":12,"column":4},"end":{"line":14,"column":5}},"5":{"start":{"line":13,"column":8},"end":{"line":13,"column":33}},"6":{"start":{"line":15,"column":4},"end":{"line":15,"column":19}},"7":{"start":{"line":7,"column":0},"end":{"line":7,"column":16}},"8":{"start":{"line":19,"column":19},"end":{"line":19,"column":31}},"9":{"start":{"line":20,"column":20},"end":{"line":20,"column":49}},"10":{"start":{"line":21,"column":4},"end":{"line":21,"column":54}},"11":{"start":{"line":21,"column":39},"end":{"line":21,"column":52}},"12":{"start":{"line":18,"column":0},"end":{"line":18,"column":16}},"13":{"start":{"line":25,"column":4},"end":{"line":25,"column":36}},"14":{"start":{"line":30,"column":4},"end":{"line":32,"column":5}},"15":{"start":{"line":31,"column":8},"end":{"line":31,"column":18}},"16":{"start":{"line":33,"column":4},"end":{"line":35,"column":5}},"17":{"start":{"line":34,"column":8},"end":{"line":34,"column":31}},"18":{"start":{"line":36,"column":4},"end":{"line":38,"column":5}},"19":{"start":{"line":37,"column":8},"end":{"line":37,"column":32}},"20":{"start":{"line":39,"column":4},"end":{"line":51,"column":5}},"21":{"start":{"line":40,"column":8},"end":{"line":44,"column":9}},"22":{"start":{"line":41,"column":12},"end":{"line":43,"column":13}},"23":{"start":{"line":42,"column":16},"end":{"line":42,"column":33}},"24":{"start":{"line":45,"column":33},"end":{"line":47,"column":44}},"25":{"start":{"line":46,"column":31},"end":{"line":46,"column":67}},"26":{"start":{"line":47,"column":31},"end":{"line":47,"column":43}},"27":{"start":{"line":48,"column":8},"end":{"line":50,"column":9}},"28":{"start":{"line":49,"column":12},"end":{"line":49,"column":39}},"29":{"start":{"line":54,"column":4},"end":{"line":54,"column":14}},"30":{"start":{"line":29,"column":0},"end":{"line":29,"column":16}}},"fnMap":{"0":{"name":"getReadableError","decl":{"start":{"line":7,"column":16},"end":{"line":7,"column":32}},"loc":{"start":{"line":7,"column":43},"end":{"line":16,"column":1}}},"1":{"name":"findAllNumbers","decl":{"start":{"line":18,"column":16},"end":{"line":18,"column":30}},"loc":{"start":{"line":18,"column":46},"end":{"line":22,"column":1}}},"2":{"name":"(anonymous_2)","decl":{"start":{"line":21,"column":23},"end":{"line":21,"column":24}},"loc":{"start":{"line":21,"column":39},"end":{"line":21,"column":52}}},"3":{"name":"isString","decl":{"start":{"line":24,"column":9},"end":{"line":24,"column":17}},"loc":{"start":{"line":24,"column":27},"end":{"line":26,"column":1}}},"4":{"name":"getFirstStringFromKey","decl":{"start":{"line":29,"column":16},"end":{"line":29,"column":37}},"loc":{"start":{"line":29,"column":62},"end":{"line":55,"column":1}}},"5":{"name":"(anonymous_5)","decl":{"start":{"line":46,"column":17},"end":{"line":46,"column":18}},"loc":{"start":{"line":46,"column":31},"end":{"line":46,"column":67}}},"6":{"name":"(anonymous_6)","decl":{"start":{"line":47,"column":20},"end":{"line":47,"column":21}},"loc":{"start":{"line":47,"column":31},"end":{"line":47,"column":43}}}},"branchMap":{"0":{"loc":{"start":{"line":8,"column":4},"end":{"line":10,"column":5}},"type":"if","locations":[{"start":{"line":8,"column":4},"end":{"line":10,"column":5}}]},"1":{"loc":{"start":{"line":12,"column":4},"end":{"line":14,"column":5}},"type":"if","locations":[{"start":{"line":12,"column":4},"end":{"line":14,"column":5}}]},"2":{"loc":{"start":{"line":30,"column":4},"end":{"line":32,"column":5}},"type":"if","locations":[{"start":{"line":30,"column":4},"end":{"line":32,"column":5}}]},"3":{"loc":{"start":{"line":33,"column":4},"end":{"line":35,"column":5}},"type":"if","locations":[{"start":{"line":33,"column":4},"end":{"line":35,"column":5}}]},"4":{"loc":{"start":{"line":34,"column":15},"end":{"line":34,"column":30}},"type":"cond-expr","locations":[{"start":{"line":34,"column":21},"end":{"line":34,"column":23}},{"start":{"line":34,"column":26},"end":{"line":34,"column":30}}]},"5":{"loc":{"start":{"line":36,"column":4},"end":{"line":38,"column":5}},"type":"if","locations":[{"start":{"line":36,"column":4},"end":{"line":38,"column":5}}]},"6":{"loc":{"start":{"line":39,"column":4},"end":{"line":51,"column":5}},"type":"if","locations":[{"start":{"line":39,"column":4},"end":{"line":51,"column":5}}]},"7":{"loc":{"start":{"line":40,"column":8},"end":{"line":44,"column":9}},"type":"if","locations":[{"start":{"line":40,"column":8},"end":{"line":44,"column":9}}]},"8":{"loc":{"start":{"line":41,"column":12},"end":{"line":43,"column":13}},"type":"if","locations":[{"start":{"line":41,"column":12},"end":{"line":43,"column":13}}]},"9":{"loc":{"start":{"line":41,"column":16},"end":{"line":41,"column":58}},"type":"binary-expr","locations":[{"start":{"line":41,"column":16},"end":{"line":41,"column":25}},{"start":{"line":41,"column":29},"end":{"line":41,"column":58}}]},"10":{"loc":{"start":{"line":48,"column":8},"end":{"line":50,"column":9}},"type":"if","locations":[{"start":{"line":48,"column":8},"end":{"line":50,"column":9}}]}},"s":{"0":0,"1":0,"2":0,"3":0,"4":0,"5":0,"6":0,"7":0,"8":0,"9":0,"10":0,"11":0,"12":0,"13":0,"14":0,"15":0,"16":0,"17":0,"18":0,"19":0,"20":0,"21":0,"22":0,"23":0,"24":0,"25":0,"26":0,"27":0,"28":0,"29":0,"30":0},"f":{"0":0,"1":0,"2":0,"3":0,"4":0,"5":0,"6":0},"b":{"0":[0],"1":[0],"2":[0],"3":[0],"4":[0,0],"5":[0],"6":[0],"7":[0],"8":[0],"9":[0,0],"10":[0]}}
,"/Users/clemence/workspace/hotel-price-compare-assignment/src/utils/NumberFormatters.ts": {"path":"/Users/clemence/workspace/hotel-price-compare-assignment/src/utils/NumberFormatters.ts","statementMap":{"0":{"start":{"line":2,"column":16},"end":{"line":2,"column":72}},"1":{"start":{"line":4,"column":21},"end":{"line":4,"column":93}},"2":{"start":{"line":6,"column":2},"end":{"line":6,"column":104}},"3":{"start":{"line":1,"column":0},"end":{"line":1,"column":16}}},"fnMap":{"0":{"name":"formatForCurrency","decl":{"start":{"line":1,"column":16},"end":{"line":1,"column":33}},"loc":{"start":{"line":1,"column":83},"end":{"line":7,"column":1}}}},"branchMap":{"0":{"loc":{"start":{"line":1,"column":59},"end":{"line":1,"column":83}},"type":"default-arg","locations":[{"start":{"line":1,"column":78},"end":{"line":1,"column":83}}]},"1":{"loc":{"start":{"line":2,"column":16},"end":{"line":2,"column":72}},"type":"cond-expr","locations":[{"start":{"line":2,"column":45},"end":{"line":2,"column":63}},{"start":{"line":2,"column":66},"end":{"line":2,"column":72}}]},"2":{"loc":{"start":{"line":4,"column":21},"end":{"line":4,"column":93}},"type":"cond-expr","locations":[{"start":{"line":4,"column":86},"end":{"line":4,"column":87}},{"start":{"line":4,"column":90},"end":{"line":4,"column":93}}]},"3":{"loc":{"start":{"line":4,"column":21},"end":{"line":4,"column":83}},"type":"binary-expr","locations":[{"start":{"line":4,"column":21},"end":{"line":4,"column":39}},{"start":{"line":4,"column":43},"end":{"line":4,"column":61}},{"start":{"line":4,"column":65},"end":{"line":4,"column":83}}]}},"s":{"0":0,"1":0,"2":0,"3":0},"f":{"0":0},"b":{"0":[0],"1":[0,0],"2":[0,0],"3":[0,0,0]}}
,"/Users/clemence/workspace/hotel-price-compare-assignment/src/utils/constants.ts": {"path":"/Users/clemence/workspace/hotel-price-compare-assignment/src/utils/constants.ts","statementMap":{"0":{"start":{"line":1,"column":13},"end":{"line":6,"column":null}},"1":{"start":{"line":11,"column":13},"end":{"line":16,"column":28}}},"fnMap":{},"branchMap":{},"s":{"0":0,"1":0},"f":{},"b":{}}
,"/Users/clemence/workspace/hotel-price-compare-assignment/src/utils/htmlParser.ts": {"path":"/Users/clemence/workspace/hotel-price-compare-assignment/src/utils/htmlParser.ts","statementMap":{"0":{"start":{"line":3,"column":17},"end":{"line":3,"column":32}},"1":{"start":{"line":5,"column":14},"end":{"line":5,"column":61}},"2":{"start":{"line":7,"column":22},"end":{"line":7,"column":48}},"3":{"start":{"line":8,"column":2},"end":{"line":8,"column":28}},"4":{"start":{"line":1,"column":0},"end":{"line":1,"column":16}}},"fnMap":{"0":{"name":"removeHTMLTags","decl":{"start":{"line":1,"column":16},"end":{"line":1,"column":30}},"loc":{"start":{"line":1,"column":49},"end":{"line":9,"column":1}}}},"branchMap":{"0":{"loc":{"start":{"line":7,"column":22},"end":{"line":7,"column":48}},"type":"binary-expr","locations":[{"start":{"line":7,"column":22},"end":{"line":7,"column":42}},{"start":{"line":7,"column":46},"end":{"line":7,"column":48}}]}},"s":{"0":0,"1":0,"2":0,"3":0,"4":0},"f":{"0":0},"b":{"0":[0,0]}}
,"/Users/clemence/workspace/hotel-price-compare-assignment/src/utils/numbers.ts": {"path":"/Users/clemence/workspace/hotel-price-compare-assignment/src/utils/numbers.ts","statementMap":{"0":{"start":{"line":1,"column":0},"end":{"line":1,"column":25}},"1":{"start":{"line":4,"column":4},"end":{"line":8,"column":5}},"2":{"start":{"line":5,"column":8},"end":{"line":5,"column":26}},"3":{"start":{"line":7,"column":8},"end":{"line":7,"column":22}},"4":{"start":{"line":3,"column":0},"end":{"line":3,"column":16}}},"fnMap":{"0":{"name":"doRiskyBigOperation","decl":{"start":{"line":3,"column":16},"end":{"line":3,"column":35}},"loc":{"start":{"line":3,"column":55},"end":{"line":9,"column":1}}}},"branchMap":{},"s":{"0":0,"1":0,"2":0,"3":0,"4":0},"f":{"0":0},"b":{}}
,"/Users/clemence/workspace/hotel-price-compare-assignment/src/utils/testConstants.ts": {"path":"/Users/clemence/workspace/hotel-price-compare-assignment/src/utils/testConstants.ts","statementMap":{"0":{"start":{"line":1,"column":0},"end":{"line":1,"column":null}},"1":{"start":{"line":2,"column":2},"end":{"line":2,"column":null}},"2":{"start":{"line":3,"column":2},"end":{"line":3,"column":null}},"3":{"start":{"line":4,"column":2},"end":{"line":4,"column":null}},"4":{"start":{"line":6,"column":2},"end":{"line":6,"column":null}},"5":{"start":{"line":7,"column":2},"end":{"line":7,"column":null}}},"fnMap":{"0":{"name":"(anonymous_0)","decl":{"start":{"line":1,"column":0},"end":{"line":1,"column":12}},"loc":{"start":{"line":1,"column":18},"end":{"line":8,"column":1}}}},"branchMap":{"0":{"loc":{"start":{"line":1,"column":12},"end":{"line":1,"column":null}},"type":"binary-expr","locations":[{"start":{"line":1,"column":12},"end":{"line":1,"column":18}},{"start":{"line":1,"column":18},"end":{"line":1,"column":null}}]}},"s":{"0":1,"1":1,"2":1,"3":1,"4":1,"5":1},"f":{"0":1},"b":{"0":[1,1]}}
}
