{"/Users/clemence/workspace/hotel-price-compare-assignment/src/main.tsx": {"path":"/Users/clemence/workspace/hotel-price-compare-assignment/src/main.tsx","statementMap":{"0":{"start":{"line":1,"column":0},"end":{"line":1,"column":26}},"1":{"start":{"line":2,"column":0},"end":{"line":2,"column":40}},"2":{"start":{"line":3,"column":0},"end":{"line":3,"column":32}},"3":{"start":{"line":4,"column":0},"end":{"line":4,"column":21}},"4":{"start":{"line":6,"column":0},"end":{"line":10,"column":2}}},"fnMap":{},"branchMap":{},"s":{"0":0,"1":0,"2":0,"3":0,"4":0},"f":{},"b":{}}
,"/Users/clemence/workspace/hotel-price-compare-assignment/src/vite-env.d.ts": {"path":"/Users/clemence/workspace/hotel-price-compare-assignment/src/vite-env.d.ts","statementMap":{},"fnMap":{},"branchMap":{},"s":{},"f":{},"b":{}}
,"/Users/clemence/workspace/hotel-price-compare-assignment/src/components/banners/GenericBanner.tsx": {"path":"/Users/clemence/workspace/hotel-price-compare-assignment/src/components/banners/GenericBanner.tsx","statementMap":{"0":{"start":{"line":1,"column":0},"end":{"line":1,"column":57}},"1":{"start":{"line":2,"column":0},"end":{"line":2,"column":55}},"2":{"start":{"line":3,"column":0},"end":{"line":3,"column":null}},"3":{"start":{"line":11,"column":0},"end":{"line":11,"column":45}},"4":{"start":{"line":22,"column":36},"end":{"line":22,"column":54}},"5":{"start":{"line":23,"column":4},"end":{"line":23,"column":26}},"6":{"start":{"line":24,"column":4},"end":{"line":57,"column":6}},"7":{"start":{"line":42,"column":28},"end":{"line":43,"column":null}},"8":{"start":{"line":47,"column":36},"end":{"line":47,"column":54}},"9":{"start":{"line":18,"column":0},"end":{"line":18,"column":24}}},"fnMap":{"0":{"name":"GenericBanner","decl":{"start":{"line":18,"column":24},"end":{"line":18,"column":37}},"loc":{"start":{"line":21,"column":32},"end":{"line":58,"column":1}}},"1":{"name":"(anonymous_1)","decl":{"start":{"line":41,"column":50},"end":{"line":41,"column":51}},"loc":{"start":{"line":42,"column":28},"end":{"line":43,"column":null}}},"2":{"name":"(anonymous_2)","decl":{"start":{"line":46,"column":41},"end":{"line":46,"column":44}},"loc":{"start":{"line":46,"column":46},"end":{"line":48,"column":33}}}},"branchMap":{},"s":{"0":1,"1":1,"2":1,"3":1,"4":4,"5":4,"6":4,"7":16,"8":0,"9":1},"f":{"0":4,"1":16,"2":0},"b":{}}
,"/Users/clemence/workspace/hotel-price-compare-assignment/src/components/ui/dropdown-menu.tsx": {"path":"/Users/clemence/workspace/hotel-price-compare-assignment/src/components/ui/dropdown-menu.tsx","statementMap":{"0":{"start":{"line":1,"column":0},"end":{"line":1,"column":31}},"1":{"start":{"line":2,"column":0},"end":{"line":2,"column":71}},"2":{"start":{"line":3,"column":0},"end":{"line":3,"column":57}},"3":{"start":{"line":5,"column":0},"end":{"line":5,"column":31}},"4":{"start":{"line":7,"column":21},"end":{"line":7,"column":47}},"5":{"start":{"line":189,"column":4},"end":{"line":189,"column":16}},"6":{"start":{"line":9,"column":28},"end":{"line":9,"column":57}},"7":{"start":{"line":190,"column":4},"end":{"line":190,"column":23}},"8":{"start":{"line":11,"column":26},"end":{"line":11,"column":53}},"9":{"start":{"line":198,"column":4},"end":{"line":198,"column":21}},"10":{"start":{"line":13,"column":27},"end":{"line":13,"column":55}},"11":{"start":{"line":199,"column":4},"end":{"line":199,"column":22}},"12":{"start":{"line":15,"column":24},"end":{"line":15,"column":49}},"13":{"start":{"line":200,"column":4},"end":{"line":200,"column":19}},"14":{"start":{"line":17,"column":31},"end":{"line":17,"column":63}},"15":{"start":{"line":203,"column":4},"end":{"line":203,"column":26}},"16":{"start":{"line":22,"column":31},"end":{"line":40,"column":2}},"17":{"start":{"line":28,"column":4},"end":{"line":38,"column":null}},"18":{"start":{"line":202,"column":4},"end":{"line":202,"column":26}},"19":{"start":{"line":41,"column":0},"end":{"line":42,"column":49}},"20":{"start":{"line":44,"column":31},"end":{"line":56,"column":2}},"21":{"start":{"line":48,"column":4},"end":{"line":54,"column":null}},"22":{"start":{"line":201,"column":4},"end":{"line":201,"column":26}},"23":{"start":{"line":57,"column":0},"end":{"line":58,"column":49}},"24":{"start":{"line":60,"column":28},"end":{"line":75,"column":2}},"25":{"start":{"line":64,"column":4},"end":{"line":73,"column":null}},"26":{"start":{"line":191,"column":4},"end":{"line":191,"column":23}},"27":{"start":{"line":76,"column":0},"end":{"line":76,"column":76}},"28":{"start":{"line":78,"column":25},"end":{"line":93,"column":2}},"29":{"start":{"line":84,"column":4},"end":{"line":91,"column":null}},"30":{"start":{"line":192,"column":4},"end":{"line":192,"column":20}},"31":{"start":{"line":94,"column":0},"end":{"line":94,"column":70}},"32":{"start":{"line":96,"column":33},"end":{"line":116,"column":2}},"33":{"start":{"line":100,"column":4},"end":{"line":114,"column":null}},"34":{"start":{"line":193,"column":4},"end":{"line":193,"column":28}},"35":{"start":{"line":117,"column":0},"end":{"line":118,"column":51}},"36":{"start":{"line":120,"column":30},"end":{"line":139,"column":2}},"37":{"start":{"line":124,"column":4},"end":{"line":137,"column":null}},"38":{"start":{"line":194,"column":4},"end":{"line":194,"column":25}},"39":{"start":{"line":140,"column":0},"end":{"line":140,"column":80}},"40":{"start":{"line":142,"column":26},"end":{"line":157,"column":2}},"41":{"start":{"line":148,"column":4},"end":{"line":155,"column":null}},"42":{"start":{"line":195,"column":4},"end":{"line":195,"column":21}},"43":{"start":{"line":158,"column":0},"end":{"line":158,"column":72}},"44":{"start":{"line":160,"column":30},"end":{"line":169,"column":2}},"45":{"start":{"line":164,"column":4},"end":{"line":167,"column":null}},"46":{"start":{"line":196,"column":4},"end":{"line":196,"column":25}},"47":{"start":{"line":170,"column":0},"end":{"line":170,"column":80}},"48":{"start":{"line":172,"column":29},"end":{"line":185,"column":1}},"49":{"start":{"line":176,"column":4},"end":{"line":184,"column":6}},"50":{"start":{"line":197,"column":4},"end":{"line":197,"column":24}},"51":{"start":{"line":186,"column":0},"end":{"line":186,"column":58}}},"fnMap":{"0":{"name":"(anonymous_0)","decl":{"start":{"line":27,"column":2},"end":{"line":27,"column":3}},"loc":{"start":{"line":28,"column":4},"end":{"line":38,"column":null}}},"1":{"name":"(anonymous_1)","decl":{"start":{"line":47,"column":2},"end":{"line":47,"column":3}},"loc":{"start":{"line":48,"column":4},"end":{"line":54,"column":null}}},"2":{"name":"(anonymous_2)","decl":{"start":{"line":63,"column":2},"end":{"line":63,"column":3}},"loc":{"start":{"line":64,"column":4},"end":{"line":73,"column":null}}},"3":{"name":"(anonymous_3)","decl":{"start":{"line":83,"column":2},"end":{"line":83,"column":3}},"loc":{"start":{"line":84,"column":4},"end":{"line":91,"column":null}}},"4":{"name":"(anonymous_4)","decl":{"start":{"line":99,"column":2},"end":{"line":99,"column":3}},"loc":{"start":{"line":100,"column":4},"end":{"line":114,"column":null}}},"5":{"name":"(anonymous_5)","decl":{"start":{"line":123,"column":2},"end":{"line":123,"column":3}},"loc":{"start":{"line":124,"column":4},"end":{"line":137,"column":null}}},"6":{"name":"(anonymous_6)","decl":{"start":{"line":147,"column":2},"end":{"line":147,"column":3}},"loc":{"start":{"line":148,"column":4},"end":{"line":155,"column":null}}},"7":{"name":"(anonymous_7)","decl":{"start":{"line":163,"column":2},"end":{"line":163,"column":3}},"loc":{"start":{"line":164,"column":4},"end":{"line":167,"column":null}}},"8":{"name":"(anonymous_8)","decl":{"start":{"line":172,"column":29},"end":{"line":172,"column":30}},"loc":{"start":{"line":175,"column":44},"end":{"line":185,"column":1}}}},"branchMap":{"0":{"loc":{"start":{"line":32,"column":12},"end":{"line":32,"column":27}},"type":"binary-expr","locations":[{"start":{"line":32,"column":12},"end":{"line":32,"column":17}},{"start":{"line":32,"column":21},"end":{"line":32,"column":27}}]},"1":{"loc":{"start":{"line":63,"column":15},"end":{"line":63,"column":29}},"type":"default-arg","locations":[{"start":{"line":63,"column":28},"end":{"line":63,"column":29}}]},"2":{"loc":{"start":{"line":88,"column":12},"end":{"line":88,"column":27}},"type":"binary-expr","locations":[{"start":{"line":88,"column":12},"end":{"line":88,"column":17}},{"start":{"line":88,"column":21},"end":{"line":88,"column":27}}]},"3":{"loc":{"start":{"line":152,"column":12},"end":{"line":152,"column":27}},"type":"binary-expr","locations":[{"start":{"line":152,"column":12},"end":{"line":152,"column":17}},{"start":{"line":152,"column":21},"end":{"line":152,"column":27}}]}},"s":{"0":1,"1":1,"2":1,"3":1,"4":1,"5":1,"6":1,"7":1,"8":1,"9":1,"10":1,"11":1,"12":1,"13":1,"14":1,"15":1,"16":1,"17":0,"18":1,"19":1,"20":1,"21":0,"22":1,"23":1,"24":1,"25":4,"26":1,"27":1,"28":1,"29":0,"30":1,"31":1,"32":1,"33":0,"34":1,"35":1,"36":1,"37":0,"38":1,"39":1,"40":1,"41":0,"42":1,"43":1,"44":1,"45":0,"46":1,"47":1,"48":1,"49":0,"50":1,"51":1},"f":{"0":0,"1":0,"2":4,"3":0,"4":0,"5":0,"6":0,"7":0,"8":0},"b":{"0":[0,0],"1":[4],"2":[0,0],"3":[0,0]}}
,"/Users/clemence/workspace/hotel-price-compare-assignment/src/lib/utils.ts": {"path":"/Users/clemence/workspace/hotel-price-compare-assignment/src/lib/utils.ts","statementMap":{"0":{"start":{"line":1,"column":0},"end":{"line":1,"column":44}},"1":{"start":{"line":2,"column":0},"end":{"line":2,"column":40}},"2":{"start":{"line":5,"column":2},"end":{"line":5,"column":null}},"3":{"start":{"line":4,"column":0},"end":{"line":4,"column":16}}},"fnMap":{"0":{"name":"cn","decl":{"start":{"line":4,"column":16},"end":{"line":4,"column":18}},"loc":{"start":{"line":4,"column":42},"end":{"line":6,"column":1}}}},"branchMap":{},"s":{"0":1,"1":1,"2":4,"3":1},"f":{"0":4},"b":{}}
,"/Users/clemence/workspace/hotel-price-compare-assignment/src/lib/logger/logger.ts": {"path":"/Users/clemence/workspace/hotel-price-compare-assignment/src/lib/logger/logger.ts","statementMap":{"0":{"start":{"line":10,"column":30},"end":{"line":10,"column":38}},"1":{"start":{"line":13,"column":4},"end":{"line":13,"column":null}},"2":{"start":{"line":15,"column":4},"end":{"line":15,"column":null}},"3":{"start":{"line":18,"column":8},"end":{"line":18,"column":38}},"4":{"start":{"line":19,"column":25},"end":{"line":19,"column":87}},"5":{"start":{"line":20,"column":8},"end":{"line":20,"column":45}},"6":{"start":{"line":20,"column":21},"end":{"line":20,"column":44}},"7":{"start":{"line":24,"column":8},"end":{"line":29,"column":11}},"8":{"start":{"line":33,"column":8},"end":{"line":33,"column":46}},"9":{"start":{"line":33,"column":39},"end":{"line":33,"column":46}},"10":{"start":{"line":35,"column":8},"end":{"line":35,"column":41}},"11":{"start":{"line":36,"column":8},"end":{"line":36,"column":26}},"12":{"start":{"line":40,"column":15},"end":{"line":40,"column":27}},"13":{"start":{"line":42,"column":41},"end":{"line":56,"column":1}},"14":{"start":{"line":45,"column":16},"end":{"line":45,"column":28}},"15":{"start":{"line":47,"column":4},"end":{"line":55,"column":11}},"16":{"start":{"line":49,"column":12},"end":{"line":49,"column":61}},"17":{"start":{"line":50,"column":12},"end":{"line":50,"column":26}},"18":{"start":{"line":53,"column":12},"end":{"line":53,"column":61}},"19":{"start":{"line":54,"column":12},"end":{"line":54,"column":24}},"20":{"start":{"line":42,"column":13},"end":{"line":42,"column":41}},"21":{"start":{"line":58,"column":0},"end":{"line":58,"column":22}}},"fnMap":{"0":{"name":"(anonymous_0)","decl":{"start":{"line":12,"column":0},"end":{"line":12,"column":6}},"loc":{"start":{"line":12,"column":0},"end":{"line":38,"column":1}}},"1":{"name":"(anonymous_1)","decl":{"start":{"line":17,"column":4},"end":{"line":17,"column":14}},"loc":{"start":{"line":17,"column":53},"end":{"line":21,"column":5}}},"2":{"name":"(anonymous_2)","decl":{"start":{"line":20,"column":15},"end":{"line":20,"column":18}},"loc":{"start":{"line":20,"column":21},"end":{"line":20,"column":44}}},"3":{"name":"(anonymous_3)","decl":{"start":{"line":23,"column":4},"end":{"line":23,"column":7}},"loc":{"start":{"line":23,"column":41},"end":{"line":30,"column":5}}},"4":{"name":"(anonymous_4)","decl":{"start":{"line":32,"column":4},"end":{"line":32,"column":14}},"loc":{"start":{"line":32,"column":14},"end":{"line":37,"column":5}}},"5":{"name":"(anonymous_5)","decl":{"start":{"line":42,"column":41},"end":{"line":42,"column":42}},"loc":{"start":{"line":42,"column":53},"end":{"line":56,"column":1}}},"6":{"name":"(anonymous_6)","decl":{"start":{"line":48,"column":14},"end":{"line":48,"column":15}},"loc":{"start":{"line":48,"column":25},"end":{"line":51,"column":9}}},"7":{"name":"(anonymous_7)","decl":{"start":{"line":52,"column":15},"end":{"line":52,"column":16}},"loc":{"start":{"line":52,"column":25},"end":{"line":55,"column":9}}}},"branchMap":{"0":{"loc":{"start":{"line":33,"column":8},"end":{"line":33,"column":46}},"type":"if","locations":[{"start":{"line":33,"column":8},"end":{"line":33,"column":46}}]}},"s":{"0":0,"1":0,"2":0,"3":0,"4":0,"5":0,"6":0,"7":0,"8":0,"9":0,"10":0,"11":0,"12":0,"13":0,"14":0,"15":0,"16":0,"17":0,"18":0,"19":0,"20":0,"21":0},"f":{"0":0,"1":0,"2":0,"3":0,"4":0,"5":0,"6":0,"7":0},"b":{"0":[0]}}
,"/Users/clemence/workspace/hotel-price-compare-assignment/src/lib/notifications/notificationService.tsx": {"path":"/Users/clemence/workspace/hotel-price-compare-assignment/src/lib/notifications/notificationService.tsx","statementMap":{"0":{"start":{"line":1,"column":0},"end":{"line":1,"column":55}},"1":{"start":{"line":2,"column":0},"end":{"line":2,"column":23}},"2":{"start":{"line":5,"column":0},"end":{"line":5,"column":22}},"3":{"start":{"line":9,"column":39},"end":{"line":17,"column":1}},"4":{"start":{"line":13,"column":4},"end":{"line":16,"column":7}},"5":{"start":{"line":9,"column":13},"end":{"line":9,"column":39}},"6":{"start":{"line":19,"column":39},"end":{"line":27,"column":1}},"7":{"start":{"line":23,"column":4},"end":{"line":26,"column":7}},"8":{"start":{"line":19,"column":13},"end":{"line":19,"column":39}},"9":{"start":{"line":29,"column":37},"end":{"line":43,"column":1}},"10":{"start":{"line":33,"column":25},"end":{"line":33,"column":59}},"11":{"start":{"line":34,"column":4},"end":{"line":37,"column":5}},"12":{"start":{"line":36,"column":8},"end":{"line":36,"column":15}},"13":{"start":{"line":38,"column":4},"end":{"line":42,"column":7}},"14":{"start":{"line":29,"column":13},"end":{"line":29,"column":37}},"15":{"start":{"line":45,"column":45},"end":{"line":46,"column":48}},"16":{"start":{"line":46,"column":4},"end":{"line":46,"column":48}},"17":{"start":{"line":45,"column":13},"end":{"line":45,"column":45}}},"fnMap":{"0":{"name":"(anonymous_0)","decl":{"start":{"line":9,"column":39},"end":{"line":9,"column":null}},"loc":{"start":{"line":12,"column":4},"end":{"line":17,"column":1}}},"1":{"name":"(anonymous_1)","decl":{"start":{"line":19,"column":39},"end":{"line":19,"column":null}},"loc":{"start":{"line":22,"column":4},"end":{"line":27,"column":1}}},"2":{"name":"(anonymous_2)","decl":{"start":{"line":29,"column":37},"end":{"line":29,"column":null}},"loc":{"start":{"line":32,"column":4},"end":{"line":43,"column":1}}},"3":{"name":"(anonymous_3)","decl":{"start":{"line":45,"column":45},"end":{"line":45,"column":46}},"loc":{"start":{"line":46,"column":4},"end":{"line":46,"column":48}}}},"branchMap":{"0":{"loc":{"start":{"line":31,"column":4},"end":{"line":31,"column":63}},"type":"default-arg","locations":[{"start":{"line":31,"column":29},"end":{"line":31,"column":63}}]},"1":{"loc":{"start":{"line":34,"column":4},"end":{"line":37,"column":5}},"type":"if","locations":[{"start":{"line":34,"column":4},"end":{"line":37,"column":5}}]},"2":{"loc":{"start":{"line":34,"column":8},"end":{"line":34,"column":44}},"type":"binary-expr","locations":[{"start":{"line":34,"column":8},"end":{"line":34,"column":21}},{"start":{"line":34,"column":25},"end":{"line":34,"column":44}}]}},"s":{"0":0,"1":0,"2":0,"3":0,"4":0,"5":0,"6":0,"7":0,"8":0,"9":0,"10":0,"11":0,"12":0,"13":0,"14":0,"15":0,"16":0,"17":0},"f":{"0":0,"1":0,"2":0,"3":0},"b":{"0":[0],"1":[0],"2":[0,0]}}
,"/Users/clemence/workspace/hotel-price-compare-assignment/src/lib/query/queryWithInterceptor.ts": {"path":"/Users/clemence/workspace/hotel-price-compare-assignment/src/lib/query/queryWithInterceptor.ts","statementMap":{"0":{"start":{"line":1,"column":0},"end":{"line":1,"column":57}},"1":{"start":{"line":2,"column":0},"end":{"line":2,"column":78}},"2":{"start":{"line":3,"column":0},"end":{"line":3,"column":77}},"3":{"start":{"line":7,"column":25},"end":{"line":14,"column":5}},"4":{"start":{"line":8,"column":6},"end":{"line":12,"column":7}},"5":{"start":{"line":10,"column":8},"end":{"line":10,"column":null}},"6":{"start":{"line":11,"column":8},"end":{"line":11,"column":15}},"7":{"start":{"line":13,"column":6},"end":{"line":13,"column":53}},"8":{"start":{"line":16,"column":4},"end":{"line":25,"column":7}},"9":{"start":{"line":6,"column":0},"end":{"line":6,"column":24}}},"fnMap":{"0":{"name":"customHookQueryWithInterceptor","decl":{"start":{"line":6,"column":24},"end":{"line":6,"column":54}},"loc":{"start":{"line":6,"column":54},"end":{"line":26,"column":1}}},"1":{"name":"(anonymous_1)","decl":{"start":{"line":7,"column":25},"end":{"line":7,"column":26}},"loc":{"start":{"line":7,"column":40},"end":{"line":14,"column":5}}}},"branchMap":{"0":{"loc":{"start":{"line":8,"column":6},"end":{"line":12,"column":7}},"type":"if","locations":[{"start":{"line":8,"column":6},"end":{"line":12,"column":7}}]},"1":{"loc":{"start":{"line":8,"column":10},"end":{"line":8,"column":97}},"type":"binary-expr","locations":[{"start":{"line":8,"column":10},"end":{"line":8,"column":31}},{"start":{"line":8,"column":35},"end":{"line":8,"column":97}}]}},"s":{"0":0,"1":0,"2":0,"3":0,"4":0,"5":0,"6":0,"7":0,"8":0,"9":0},"f":{"0":0,"1":0},"b":{"0":[0],"1":[0,0]}}
,"/Users/clemence/workspace/hotel-price-compare-assignment/src/stores/currency-state.ts": {"path":"/Users/clemence/workspace/hotel-price-compare-assignment/src/stores/currency-state.ts","statementMap":{"0":{"start":{"line":1,"column":0},"end":{"line":1,"column":33}},"1":{"start":{"line":2,"column":0},"end":{"line":2,"column":45}},"2":{"start":{"line":5,"column":20},"end":{"line":5,"column":50}},"3":{"start":{"line":12,"column":13},"end":{"line":21,"column":3}},"4":{"start":{"line":14,"column":16},"end":{"line":17,"column":8}},"5":{"start":{"line":16,"column":35},"end":{"line":16,"column":58}},"6":{"start":{"line":16,"column":46},"end":{"line":16,"column":56}}},"fnMap":{"0":{"name":"(anonymous_0)","decl":{"start":{"line":14,"column":6},"end":{"line":14,"column":7}},"loc":{"start":{"line":14,"column":16},"end":{"line":17,"column":8}}},"1":{"name":"(anonymous_1)","decl":{"start":{"line":16,"column":21},"end":{"line":16,"column":22}},"loc":{"start":{"line":16,"column":35},"end":{"line":16,"column":58}}},"2":{"name":"(anonymous_2)","decl":{"start":{"line":16,"column":39},"end":{"line":16,"column":42}},"loc":{"start":{"line":16,"column":46},"end":{"line":16,"column":56}}}},"branchMap":{},"s":{"0":0,"1":0,"2":0,"3":0,"4":0,"5":0,"6":0},"f":{"0":0,"1":0,"2":0},"b":{}}
,"/Users/clemence/workspace/hotel-price-compare-assignment/src/utils/ErrorHandlers.ts": {"path":"/Users/clemence/workspace/hotel-price-compare-assignment/src/utils/ErrorHandlers.ts","statementMap":{"0":{"start":{"line":1,"column":13},"end":{"line":1,"column":92}},"1":{"start":{"line":8,"column":4},"end":{"line":10,"column":5}},"2":{"start":{"line":9,"column":8},"end":{"line":9,"column":21}},"3":{"start":{"line":11,"column":20},"end":{"line":11,"column":59}},"4":{"start":{"line":12,"column":4},"end":{"line":14,"column":5}},"5":{"start":{"line":13,"column":8},"end":{"line":13,"column":33}},"6":{"start":{"line":15,"column":4},"end":{"line":15,"column":19}},"7":{"start":{"line":7,"column":0},"end":{"line":7,"column":16}},"8":{"start":{"line":19,"column":19},"end":{"line":19,"column":31}},"9":{"start":{"line":20,"column":20},"end":{"line":20,"column":49}},"10":{"start":{"line":21,"column":4},"end":{"line":21,"column":54}},"11":{"start":{"line":21,"column":39},"end":{"line":21,"column":52}},"12":{"start":{"line":18,"column":0},"end":{"line":18,"column":16}},"13":{"start":{"line":25,"column":4},"end":{"line":25,"column":36}},"14":{"start":{"line":30,"column":4},"end":{"line":32,"column":5}},"15":{"start":{"line":31,"column":8},"end":{"line":31,"column":18}},"16":{"start":{"line":33,"column":4},"end":{"line":35,"column":5}},"17":{"start":{"line":34,"column":8},"end":{"line":34,"column":31}},"18":{"start":{"line":36,"column":4},"end":{"line":38,"column":5}},"19":{"start":{"line":37,"column":8},"end":{"line":37,"column":32}},"20":{"start":{"line":39,"column":4},"end":{"line":51,"column":5}},"21":{"start":{"line":40,"column":8},"end":{"line":44,"column":9}},"22":{"start":{"line":41,"column":12},"end":{"line":43,"column":13}},"23":{"start":{"line":42,"column":16},"end":{"line":42,"column":33}},"24":{"start":{"line":45,"column":33},"end":{"line":47,"column":44}},"25":{"start":{"line":46,"column":31},"end":{"line":46,"column":67}},"26":{"start":{"line":47,"column":31},"end":{"line":47,"column":43}},"27":{"start":{"line":48,"column":8},"end":{"line":50,"column":9}},"28":{"start":{"line":49,"column":12},"end":{"line":49,"column":39}},"29":{"start":{"line":54,"column":4},"end":{"line":54,"column":14}},"30":{"start":{"line":29,"column":0},"end":{"line":29,"column":16}}},"fnMap":{"0":{"name":"getReadableError","decl":{"start":{"line":7,"column":16},"end":{"line":7,"column":32}},"loc":{"start":{"line":7,"column":43},"end":{"line":16,"column":1}}},"1":{"name":"findAllNumbers","decl":{"start":{"line":18,"column":16},"end":{"line":18,"column":30}},"loc":{"start":{"line":18,"column":46},"end":{"line":22,"column":1}}},"2":{"name":"(anonymous_2)","decl":{"start":{"line":21,"column":23},"end":{"line":21,"column":24}},"loc":{"start":{"line":21,"column":39},"end":{"line":21,"column":52}}},"3":{"name":"isString","decl":{"start":{"line":24,"column":9},"end":{"line":24,"column":17}},"loc":{"start":{"line":24,"column":27},"end":{"line":26,"column":1}}},"4":{"name":"getFirstStringFromKey","decl":{"start":{"line":29,"column":16},"end":{"line":29,"column":37}},"loc":{"start":{"line":29,"column":62},"end":{"line":55,"column":1}}},"5":{"name":"(anonymous_5)","decl":{"start":{"line":46,"column":17},"end":{"line":46,"column":18}},"loc":{"start":{"line":46,"column":31},"end":{"line":46,"column":67}}},"6":{"name":"(anonymous_6)","decl":{"start":{"line":47,"column":20},"end":{"line":47,"column":21}},"loc":{"start":{"line":47,"column":31},"end":{"line":47,"column":43}}}},"branchMap":{"0":{"loc":{"start":{"line":8,"column":4},"end":{"line":10,"column":5}},"type":"if","locations":[{"start":{"line":8,"column":4},"end":{"line":10,"column":5}}]},"1":{"loc":{"start":{"line":12,"column":4},"end":{"line":14,"column":5}},"type":"if","locations":[{"start":{"line":12,"column":4},"end":{"line":14,"column":5}}]},"2":{"loc":{"start":{"line":30,"column":4},"end":{"line":32,"column":5}},"type":"if","locations":[{"start":{"line":30,"column":4},"end":{"line":32,"column":5}}]},"3":{"loc":{"start":{"line":33,"column":4},"end":{"line":35,"column":5}},"type":"if","locations":[{"start":{"line":33,"column":4},"end":{"line":35,"column":5}}]},"4":{"loc":{"start":{"line":34,"column":15},"end":{"line":34,"column":30}},"type":"cond-expr","locations":[{"start":{"line":34,"column":21},"end":{"line":34,"column":23}},{"start":{"line":34,"column":26},"end":{"line":34,"column":30}}]},"5":{"loc":{"start":{"line":36,"column":4},"end":{"line":38,"column":5}},"type":"if","locations":[{"start":{"line":36,"column":4},"end":{"line":38,"column":5}}]},"6":{"loc":{"start":{"line":39,"column":4},"end":{"line":51,"column":5}},"type":"if","locations":[{"start":{"line":39,"column":4},"end":{"line":51,"column":5}}]},"7":{"loc":{"start":{"line":40,"column":8},"end":{"line":44,"column":9}},"type":"if","locations":[{"start":{"line":40,"column":8},"end":{"line":44,"column":9}}]},"8":{"loc":{"start":{"line":41,"column":12},"end":{"line":43,"column":13}},"type":"if","locations":[{"start":{"line":41,"column":12},"end":{"line":43,"column":13}}]},"9":{"loc":{"start":{"line":41,"column":16},"end":{"line":41,"column":58}},"type":"binary-expr","locations":[{"start":{"line":41,"column":16},"end":{"line":41,"column":25}},{"start":{"line":41,"column":29},"end":{"line":41,"column":58}}]},"10":{"loc":{"start":{"line":48,"column":8},"end":{"line":50,"column":9}},"type":"if","locations":[{"start":{"line":48,"column":8},"end":{"line":50,"column":9}}]}},"s":{"0":0,"1":0,"2":0,"3":0,"4":0,"5":0,"6":0,"7":0,"8":0,"9":0,"10":0,"11":0,"12":0,"13":0,"14":0,"15":0,"16":0,"17":0,"18":0,"19":0,"20":0,"21":0,"22":0,"23":0,"24":0,"25":0,"26":0,"27":0,"28":0,"29":0,"30":0},"f":{"0":0,"1":0,"2":0,"3":0,"4":0,"5":0,"6":0},"b":{"0":[0],"1":[0],"2":[0],"3":[0],"4":[0,0],"5":[0],"6":[0],"7":[0],"8":[0],"9":[0,0],"10":[0]}}
,"/Users/clemence/workspace/hotel-price-compare-assignment/src/utils/NumberFormatters.ts": {"path":"/Users/clemence/workspace/hotel-price-compare-assignment/src/utils/NumberFormatters.ts","statementMap":{"0":{"start":{"line":2,"column":16},"end":{"line":2,"column":72}},"1":{"start":{"line":4,"column":21},"end":{"line":4,"column":93}},"2":{"start":{"line":6,"column":2},"end":{"line":6,"column":104}},"3":{"start":{"line":1,"column":0},"end":{"line":1,"column":16}}},"fnMap":{"0":{"name":"formatForCurrency","decl":{"start":{"line":1,"column":16},"end":{"line":1,"column":33}},"loc":{"start":{"line":1,"column":75},"end":{"line":7,"column":1}}}},"branchMap":{"0":{"loc":{"start":{"line":2,"column":16},"end":{"line":2,"column":72}},"type":"cond-expr","locations":[{"start":{"line":2,"column":45},"end":{"line":2,"column":63}},{"start":{"line":2,"column":66},"end":{"line":2,"column":72}}]},"1":{"loc":{"start":{"line":4,"column":21},"end":{"line":4,"column":93}},"type":"cond-expr","locations":[{"start":{"line":4,"column":86},"end":{"line":4,"column":87}},{"start":{"line":4,"column":90},"end":{"line":4,"column":93}}]},"2":{"loc":{"start":{"line":4,"column":21},"end":{"line":4,"column":83}},"type":"binary-expr","locations":[{"start":{"line":4,"column":21},"end":{"line":4,"column":39}},{"start":{"line":4,"column":43},"end":{"line":4,"column":61}},{"start":{"line":4,"column":65},"end":{"line":4,"column":83}}]}},"s":{"0":0,"1":0,"2":0,"3":0},"f":{"0":0},"b":{"0":[0,0],"1":[0,0],"2":[0,0,0]}}
,"/Users/clemence/workspace/hotel-price-compare-assignment/src/utils/constants.ts": {"path":"/Users/clemence/workspace/hotel-price-compare-assignment/src/utils/constants.ts","statementMap":{"0":{"start":{"line":1,"column":13},"end":{"line":6,"column":null}}},"fnMap":{},"branchMap":{},"s":{"0":1},"f":{},"b":{}}
,"/Users/clemence/workspace/hotel-price-compare-assignment/src/utils/testConstants.ts": {"path":"/Users/clemence/workspace/hotel-price-compare-assignment/src/utils/testConstants.ts","statementMap":{"0":{"start":{"line":1,"column":0},"end":{"line":1,"column":null}},"1":{"start":{"line":2,"column":2},"end":{"line":2,"column":null}},"2":{"start":{"line":3,"column":2},"end":{"line":3,"column":null}}},"fnMap":{"0":{"name":"(anonymous_0)","decl":{"start":{"line":1,"column":0},"end":{"line":1,"column":12}},"loc":{"start":{"line":1,"column":18},"end":{"line":4,"column":1}}}},"branchMap":{"0":{"loc":{"start":{"line":1,"column":12},"end":{"line":1,"column":null}},"type":"binary-expr","locations":[{"start":{"line":1,"column":12},"end":{"line":1,"column":18}},{"start":{"line":1,"column":18},"end":{"line":1,"column":null}}]}},"s":{"0":1,"1":1,"2":1},"f":{"0":1},"b":{"0":[1,1]}}
}
