TN:
SF:src/main.tsx
FNF:0
FNH:0
DA:1,0
DA:2,0
DA:3,0
DA:4,0
DA:6,0
LF:5
LH:0
BRF:0
BRH:0
end_of_record
TN:
SF:src/vite-env.d.ts
FNF:0
FNH:0
LF:0
LH:0
BRF:0
BRH:0
end_of_record
TN:
SF:src/app/App.tsx
FN:6,App
FNF:1
FNH:0
FNDA:0,App
DA:1,0
DA:2,0
DA:3,0
DA:4,0
DA:7,0
DA:9,0
DA:17,0
LF:7
LH:0
BRF:0
BRH:0
end_of_record
TN:
SF:src/components/banners/GenericBanner.tsx
FN:18,GenericBanner
FN:47,(anonymous_1)
FN:52,(anonymous_2)
FNF:3
FNH:0
FNDA:0,GenericBanner
FNDA:0,(anonymous_1)
FNDA:0,(anonymous_2)
DA:1,0
DA:2,0
DA:3,0
DA:11,0
DA:18,0
DA:22,0
DA:24,0
DA:48,0
DA:53,0
LF:9
LH:0
BRF:0
BRH:0
end_of_record
TN:
SF:src/components/layout/DisplayTooltip.tsx
FN:15,DisplayTooltip
FNF:1
FNH:1
FNDA:1,DisplayTooltip
DA:2,1
DA:9,1
DA:15,1
DA:19,1
LF:4
LH:4
BRDA:23,0,0,1
BRDA:23,0,1,1
BRF:2
BRH:2
end_of_record
TN:
SF:src/components/layout/HotelDisplayCard.tsx
FN:22,HotelDisplayCard
FN:40,(anonymous_1)
FN:53,(anonymous_2)
FN:107,(anonymous_3)
FNF:4
FNH:0
FNDA:0,HotelDisplayCard
FNDA:0,(anonymous_1)
FNDA:0,(anonymous_2)
FNDA:0,(anonymous_3)
DA:1,0
DA:8,0
DA:9,0
DA:10,0
DA:11,0
DA:12,0
DA:13,0
DA:14,0
DA:15,0
DA:16,0
DA:22,0
DA:35,0
DA:36,0
DA:37,0
DA:39,0
DA:40,0
DA:41,0
DA:44,0
DA:48,0
DA:50,0
DA:53,0
DA:55,0
DA:108,0
LF:23
LH:0
BRDA:44,0,0,0
BRDA:44,0,1,0
BRDA:53,1,0,0
BRDA:53,1,1,0
BRDA:53,2,0,0
BRDA:53,2,1,0
BRDA:85,3,0,0
BRDA:85,3,1,0
BRDA:95,4,0,0
BRDA:95,4,1,0
BRDA:104,5,0,0
BRDA:104,5,1,0
BRDA:111,6,0,0
BRDA:111,6,1,0
BRDA:122,7,0,0
BRDA:122,7,1,0
BRDA:126,8,0,0
BRDA:126,8,1,0
BRDA:138,9,0,0
BRDA:138,9,1,0
BRDA:150,10,0,0
BRDA:150,10,1,0
BRDA:155,11,0,0
BRDA:155,11,1,0
BRF:24
BRH:0
end_of_record
TN:
SF:src/components/layout/PriceWithComparison.tsx
FN:12,PriceWithComparison
FN:17,(anonymous_1)
FNF:2
FNH:0
FNDA:0,PriceWithComparison
FNDA:0,(anonymous_1)
DA:1,0
DA:2,0
DA:3,0
DA:4,0
DA:5,0
DA:12,0
DA:16,0
DA:17,0
DA:18,0
DA:23,0
LF:10
LH:0
BRDA:18,0,0,0
BRDA:18,0,1,0
BRDA:19,1,0,0
BRDA:19,1,1,0
BRDA:20,2,0,0
BRDA:20,2,1,0
BRDA:25,3,0,0
BRDA:25,3,1,0
BRDA:30,4,0,0
BRDA:30,4,1,0
BRDA:32,5,0,0
BRDA:32,5,1,0
BRDA:36,6,0,0
BRDA:36,6,1,0
BRDA:38,7,0,0
BRDA:38,7,1,0
BRF:16
BRH:0
end_of_record
TN:
SF:src/components/loader/Loading.tsx
FN:1,Loading
FNF:1
FNH:0
FNDA:0,Loading
DA:1,0
DA:2,0
LF:2
LH:0
BRF:0
BRH:0
end_of_record
TN:
SF:src/components/ratings/StarRatings.tsx
FN:7,StarRatings
FN:16,(anonymous_1)
FN:28,(anonymous_2)
FNF:3
FNH:0
FNDA:0,StarRatings
FNDA:0,(anonymous_1)
FNDA:0,(anonymous_2)
DA:7,0
DA:13,0
DA:14,0
DA:17,0
DA:29,0
LF:5
LH:0
BRDA:8,0,0,0
BRF:1
BRH:0
end_of_record
TN:
SF:src/components/ui/card.tsx
FN:8,(anonymous_0)
FN:23,(anonymous_1)
FN:35,(anonymous_2)
FN:50,(anonymous_3)
FN:62,(anonymous_4)
FN:70,(anonymous_5)
FNF:6
FNH:0
FNDA:0,(anonymous_0)
FNDA:0,(anonymous_1)
FNDA:0,(anonymous_2)
FNDA:0,(anonymous_3)
FNDA:0,(anonymous_4)
FNDA:0,(anonymous_5)
DA:1,0
DA:3,0
DA:5,0
DA:9,0
DA:18,0
DA:20,0
DA:24,0
DA:30,0
DA:32,0
DA:36,0
DA:45,0
DA:47,0
DA:51,0
DA:57,0
DA:59,0
DA:63,0
DA:65,0
DA:67,0
DA:71,0
DA:77,0
DA:79,0
LF:21
LH:0
BRF:0
BRH:0
end_of_record
TN:
SF:src/components/ui/dropdown-menu.tsx
FN:27,(anonymous_0)
FN:47,(anonymous_1)
FN:63,(anonymous_2)
FN:83,(anonymous_3)
FN:99,(anonymous_4)
FN:123,(anonymous_5)
FN:147,(anonymous_6)
FN:163,(anonymous_7)
FN:172,(anonymous_8)
FNF:9
FNH:0
FNDA:0,(anonymous_0)
FNDA:0,(anonymous_1)
FNDA:0,(anonymous_2)
FNDA:0,(anonymous_3)
FNDA:0,(anonymous_4)
FNDA:0,(anonymous_5)
FNDA:0,(anonymous_6)
FNDA:0,(anonymous_7)
FNDA:0,(anonymous_8)
DA:1,0
DA:2,0
DA:3,0
DA:5,0
DA:7,0
DA:9,0
DA:11,0
DA:13,0
DA:15,0
DA:17,0
DA:22,0
DA:28,0
DA:41,0
DA:44,0
DA:48,0
DA:57,0
DA:60,0
DA:64,0
DA:76,0
DA:78,0
DA:84,0
DA:94,0
DA:96,0
DA:100,0
DA:117,0
DA:120,0
DA:124,0
DA:140,0
DA:142,0
DA:148,0
DA:158,0
DA:160,0
DA:164,0
DA:170,0
DA:172,0
DA:176,0
DA:186,0
DA:189,0
DA:190,0
DA:191,0
DA:192,0
DA:193,0
DA:194,0
DA:195,0
DA:196,0
DA:197,0
DA:198,0
DA:199,0
DA:200,0
DA:201,0
DA:202,0
DA:203,0
LF:52
LH:0
BRDA:32,0,0,0
BRDA:32,0,1,0
BRDA:63,1,0,0
BRDA:88,2,0,0
BRDA:88,2,1,0
BRDA:152,3,0,0
BRDA:152,3,1,0
BRF:7
BRH:0
end_of_record
TN:
SF:src/components/ui/hover-card.tsx
FN:13,(anonymous_0)
FNF:1
FNH:0
FNDA:0,(anonymous_0)
DA:1,0
DA:2,0
DA:4,0
DA:6,0
DA:8,0
DA:10,0
DA:14,0
DA:25,0
DA:27,0
LF:9
LH:0
BRDA:13,0,0,0
BRDA:13,1,0,0
BRF:2
BRH:0
end_of_record
TN:
SF:src/components/ui/toast.tsx
FN:13,(anonymous_0)
FN:45,(anonymous_1)
FN:59,(anonymous_2)
FN:74,(anonymous_3)
FN:92,(anonymous_4)
FN:104,(anonymous_5)
FNF:6
FNH:0
FNDA:0,(anonymous_0)
FNDA:0,(anonymous_1)
FNDA:0,(anonymous_2)
FNDA:0,(anonymous_3)
FNDA:0,(anonymous_4)
FNDA:0,(anonymous_5)
DA:1,0
DA:2,0
DA:3,0
DA:4,0
DA:6,0
DA:8,0
DA:10,0
DA:14,0
DA:23,0
DA:25,0
DA:41,0
DA:46,0
DA:54,0
DA:56,0
DA:60,0
DA:69,0
DA:71,0
DA:75,0
DA:87,0
DA:89,0
DA:93,0
DA:99,0
DA:101,0
DA:105,0
DA:111,0
DA:120,0
DA:121,0
DA:122,0
DA:123,0
DA:124,0
DA:125,0
DA:126,0
LF:32
LH:0
BRF:0
BRH:0
end_of_record
TN:
SF:src/components/ui/toaster.tsx
FN:11,Toaster
FN:16,(anonymous_1)
FNF:2
FNH:0
FNDA:0,Toaster
FNDA:0,(anonymous_1)
DA:1,0
DA:9,0
DA:11,0
DA:12,0
DA:14,0
DA:17,0
LF:6
LH:0
BRDA:20,0,0,0
BRDA:20,0,1,0
BRDA:21,1,0,0
BRDA:21,1,1,0
BRF:4
BRH:0
end_of_record
TN:
SF:src/components/ui/tooltip.tsx
FN:15,(anonymous_0)
FNF:1
FNH:1
FNDA:1,(anonymous_0)
DA:1,1
DA:2,1
DA:4,1
DA:6,1
DA:8,1
DA:10,1
DA:12,1
DA:16,1
DA:26,1
DA:28,1
LF:10
LH:10
BRDA:15,0,0,1
BRF:1
BRH:1
end_of_record
TN:
SF:src/components/ui/use-toast.ts
FN:28,genId
FN:59,(anonymous_1)
FN:64,(anonymous_2)
FN:75,(anonymous_3)
FN:86,(anonymous_4)
FN:99,(anonymous_5)
FN:106,(anonymous_6)
FN:125,(anonymous_7)
FN:134,dispatch
FN:136,(anonymous_9)
FN:143,toast
FN:146,(anonymous_11)
FN:151,(anonymous_12)
FN:159,(anonymous_13)
FN:172,useToast
FN:175,(anonymous_15)
FN:177,(anonymous_16)
FN:188,(anonymous_17)
FNF:18
FNH:0
FNDA:0,genId
FNDA:0,(anonymous_1)
FNDA:0,(anonymous_2)
FNDA:0,(anonymous_3)
FNDA:0,(anonymous_4)
FNDA:0,(anonymous_5)
FNDA:0,(anonymous_6)
FNDA:0,(anonymous_7)
FNDA:0,dispatch
FNDA:0,(anonymous_9)
FNDA:0,toast
FNDA:0,(anonymous_11)
FNDA:0,(anonymous_12)
FNDA:0,(anonymous_13)
FNDA:0,useToast
FNDA:0,(anonymous_15)
FNDA:0,(anonymous_16)
FNDA:0,(anonymous_17)
DA:2,0
DA:9,0
DA:10,0
DA:19,0
DA:26,0
DA:29,0
DA:30,0
DA:57,0
DA:59,0
DA:60,0
DA:61,0
DA:64,0
DA:65,0
DA:66,0
DA:72,0
DA:75,0
DA:76,0
DA:78,0
DA:84,0
DA:87,0
DA:92,0
DA:96,0
DA:97,0
DA:99,0
DA:100,0
DA:104,0
DA:107,0
DA:117,0
DA:118,0
DA:123,0
DA:125,0
DA:130,0
DA:132,0
DA:135,0
DA:136,0
DA:137,0
DA:144,0
DA:146,0
DA:147,0
DA:151,0
DA:153,0
DA:160,0
DA:165,0
DA:173,0
DA:175,0
DA:176,0
DA:177,0
DA:178,0
DA:179,0
DA:180,0
DA:185,0
DA:188,0
DA:192,0
LF:53
LH:0
BRDA:60,0,0,0
BRDA:76,1,0,0
BRDA:76,1,1,0
BRDA:76,1,2,0
BRDA:76,1,3,0
BRDA:87,2,0,0
BRDA:87,2,1,0
BRDA:96,3,0,0
BRDA:96,3,1,0
BRDA:107,4,0,0
BRDA:107,4,1,0
BRDA:107,5,0,0
BRDA:107,5,1,0
BRDA:117,6,0,0
BRDA:160,7,0,0
BRDA:179,8,0,0
BRF:16
BRH:0
end_of_record
TN:
SF:src/features/hotel/HotelComparePage.tsx
FN:7,HotelComparePage
FN:13,(anonymous_1)
FN:16,(anonymous_2)
FN:29,(anonymous_3)
FNF:4
FNH:0
FNDA:0,HotelComparePage
FNDA:0,(anonymous_1)
FNDA:0,(anonymous_2)
FNDA:0,(anonymous_3)
DA:1,0
DA:2,0
DA:3,0
DA:4,0
DA:5,0
DA:7,0
DA:8,0
DA:10,0
DA:13,0
DA:16,0
DA:17,0
DA:18,0
DA:19,0
DA:21,0
DA:30,0
LF:15
LH:0
BRDA:13,0,0,0
BRDA:13,0,1,0
BRDA:17,1,0,0
BRDA:18,2,0,0
BRDA:28,3,0,0
BRDA:28,3,1,0
BRF:6
BRH:0
end_of_record
TN:
SF:src/hooks/useApi.ts
FN:28,genericFetch
FN:33,useHotelData
FN:40,(anonymous_2)
FN:43,(anonymous_3)
FN:56,usePriceData
FN:63,(anonymous_5)
FN:66,(anonymous_6)
FN:83,useCombinedHotelData
FN:88,(anonymous_8)
FN:89,(anonymous_9)
FNF:10
FNH:0
FNDA:0,genericFetch
FNDA:0,useHotelData
FNDA:0,(anonymous_2)
FNDA:0,(anonymous_3)
FNDA:0,usePriceData
FNDA:0,(anonymous_5)
FNDA:0,(anonymous_6)
FNDA:0,useCombinedHotelData
FNDA:0,(anonymous_8)
FNDA:0,(anonymous_9)
DA:1,0
DA:2,0
DA:3,0
DA:5,0
DA:28,0
DA:29,0
DA:30,0
DA:33,0
DA:34,0
DA:36,0
DA:38,0
DA:40,0
DA:43,0
DA:44,0
DA:45,0
DA:53,0
DA:56,0
DA:57,0
DA:59,0
DA:61,0
DA:63,0
DA:66,0
DA:67,0
DA:68,0
DA:76,0
DA:83,0
DA:84,0
DA:85,0
DA:88,0
DA:89,0
DA:90,0
LF:31
LH:0
BRDA:44,0,0,0
BRDA:56,1,0,0
BRDA:67,2,0,0
BRDA:83,3,0,0
BRDA:83,4,0,0
BRDA:88,5,0,0
BRDA:88,5,1,0
BRF:7
BRH:0
end_of_record
TN:
SF:src/lib/utils.ts
FN:4,cn
FNF:1
FNH:1
FNDA:1,cn
DA:1,1
DA:2,1
DA:4,1
DA:5,1
LF:4
LH:4
BRF:0
BRH:0
end_of_record
TN:
SF:src/lib/logger/logger.ts
FN:12,(anonymous_0)
FN:17,(anonymous_1)
FN:20,(anonymous_2)
FN:23,(anonymous_3)
FN:32,(anonymous_4)
FN:42,(anonymous_5)
FN:48,(anonymous_6)
FN:52,(anonymous_7)
FNF:8
FNH:0
FNDA:0,(anonymous_0)
FNDA:0,(anonymous_1)
FNDA:0,(anonymous_2)
FNDA:0,(anonymous_3)
FNDA:0,(anonymous_4)
FNDA:0,(anonymous_5)
FNDA:0,(anonymous_6)
FNDA:0,(anonymous_7)
DA:10,0
DA:13,0
DA:15,0
DA:18,0
DA:19,0
DA:20,0
DA:24,0
DA:33,0
DA:35,0
DA:36,0
DA:40,0
DA:42,0
DA:45,0
DA:47,0
DA:49,0
DA:50,0
DA:53,0
DA:54,0
DA:58,0
LF:19
LH:0
BRDA:33,0,0,0
BRF:1
BRH:0
end_of_record
TN:
SF:src/lib/query/queryWithInterceptor.ts
FN:5,customHookQueryWithInterceptor
FN:6,(anonymous_1)
FNF:2
FNH:0
FNDA:0,customHookQueryWithInterceptor
FNDA:0,(anonymous_1)
DA:1,0
DA:2,0
DA:5,0
DA:6,0
DA:7,0
DA:9,0
DA:10,0
DA:14,0
LF:8
LH:0
BRDA:7,0,0,0
BRDA:7,1,0,0
BRDA:7,1,1,0
BRF:3
BRH:0
end_of_record
TN:
SF:src/stores/currency-state.ts
FN:14,(anonymous_0)
FN:16,(anonymous_1)
FN:16,(anonymous_2)
FNF:3
FNH:0
FNDA:0,(anonymous_0)
FNDA:0,(anonymous_1)
FNDA:0,(anonymous_2)
DA:1,0
DA:2,0
DA:5,0
DA:12,0
DA:14,0
DA:16,0
LF:6
LH:0
BRF:0
BRH:0
end_of_record
TN:
SF:src/utils/ErrorHandlers.ts
FN:7,getReadableError
FN:18,findAllNumbers
FN:21,(anonymous_2)
FN:24,isString
FN:29,getFirstStringFromKey
FN:46,(anonymous_5)
FN:47,(anonymous_6)
FNF:7
FNH:0
FNDA:0,getReadableError
FNDA:0,findAllNumbers
FNDA:0,(anonymous_2)
FNDA:0,isString
FNDA:0,getFirstStringFromKey
FNDA:0,(anonymous_5)
FNDA:0,(anonymous_6)
DA:1,0
DA:7,0
DA:8,0
DA:9,0
DA:11,0
DA:12,0
DA:13,0
DA:15,0
DA:18,0
DA:19,0
DA:20,0
DA:21,0
DA:25,0
DA:29,0
DA:30,0
DA:31,0
DA:33,0
DA:34,0
DA:36,0
DA:37,0
DA:39,0
DA:40,0
DA:41,0
DA:42,0
DA:45,0
DA:46,0
DA:47,0
DA:48,0
DA:49,0
DA:54,0
LF:30
LH:0
BRDA:8,0,0,0
BRDA:12,1,0,0
BRDA:30,2,0,0
BRDA:33,3,0,0
BRDA:34,4,0,0
BRDA:34,4,1,0
BRDA:36,5,0,0
BRDA:39,6,0,0
BRDA:40,7,0,0
BRDA:41,8,0,0
BRDA:41,9,0,0
BRDA:41,9,1,0
BRDA:48,10,0,0
BRF:13
BRH:0
end_of_record
TN:
SF:src/utils/NumberFormatters.ts
FN:1,formatForCurrency
FNF:1
FNH:0
FNDA:0,formatForCurrency
DA:1,0
DA:2,0
DA:4,0
DA:6,0
LF:4
LH:0
BRDA:1,0,0,0
BRDA:2,1,0,0
BRDA:2,1,1,0
BRDA:4,2,0,0
BRDA:4,2,1,0
BRDA:4,3,0,0
BRDA:4,3,1,0
BRDA:4,3,2,0
BRF:8
BRH:0
end_of_record
TN:
SF:src/utils/constants.ts
FNF:0
FNH:0
DA:1,0
DA:11,0
LF:2
LH:0
BRF:0
BRH:0
end_of_record
TN:
SF:src/utils/htmlParser.ts
FN:1,removeHTMLTags
FNF:1
FNH:0
FNDA:0,removeHTMLTags
DA:1,0
DA:3,0
DA:5,0
DA:7,0
DA:8,0
LF:5
LH:0
BRDA:7,0,0,0
BRDA:7,0,1,0
BRF:2
BRH:0
end_of_record
TN:
SF:src/utils/numbers.ts
FN:3,doRiskyBigOperation
FNF:1
FNH:0
FNDA:0,doRiskyBigOperation
DA:1,0
DA:3,0
DA:4,0
DA:5,0
DA:7,0
LF:5
LH:0
BRF:0
BRH:0
end_of_record
TN:
SF:src/utils/testConstants.ts
FN:1,(anonymous_0)
FNF:1
FNH:1
FNDA:1,(anonymous_0)
DA:1,1
DA:2,1
DA:3,1
DA:4,1
DA:6,1
DA:7,1
LF:6
LH:6
BRDA:1,0,0,1
BRDA:1,0,1,1
BRF:2
BRH:2
end_of_record
